[0.022s] Invoking command in '/home/ur5/husky_ws/build/turtlebot3_navigation2': CMAKE_PREFIX_PATH=${CMAKE_PREFIX_PATH}:/home/ur5/rg2_ws/install/gripper_control:/home/ur5/rosbot_ws/install/rosbot_utils:/home/ur5/rosbot_ws/install/rosbot_gazebo:/home/ur5/rosbot_ws/install/rosbot_bringup:/home/ur5/rosbot_ws/install/rosbot_controller:/home/ur5/ur5_ws/install/solution:/home/ur5/ur5_ws/install/projectur5:/home/ur5/ur5_ws/install/projectUR5:/home/ur5/ur5_ws/install/my_package:/home/ur5/ur5_ws/install/kinematics:/home/ur5/workspace/ros2_kortex_ws/install/rqt_joint_trajectory_controller:/home/ur5/workspace/ros2_kortex_ws/install/rqt_controller_manager:/home/ur5/workspace/ros2_kortex_ws/install/ros2controlcli:/home/ur5/workspace/ros2_kortex_ws/install/ros2_controllers_test_nodes /usr/bin/cmake --build /home/ur5/husky_ws/build/turtlebot3_navigation2 -- -j12 -l12
[0.081s] Invoked command in '/home/ur5/husky_ws/build/turtlebot3_navigation2' returned '0': CMAKE_PREFIX_PATH=${CMAKE_PREFIX_PATH}:/home/ur5/rg2_ws/install/gripper_control:/home/ur5/rosbot_ws/install/rosbot_utils:/home/ur5/rosbot_ws/install/rosbot_gazebo:/home/ur5/rosbot_ws/install/rosbot_bringup:/home/ur5/rosbot_ws/install/rosbot_controller:/home/ur5/ur5_ws/install/solution:/home/ur5/ur5_ws/install/projectur5:/home/ur5/ur5_ws/install/projectUR5:/home/ur5/ur5_ws/install/my_package:/home/ur5/ur5_ws/install/kinematics:/home/ur5/workspace/ros2_kortex_ws/install/rqt_joint_trajectory_controller:/home/ur5/workspace/ros2_kortex_ws/install/rqt_controller_manager:/home/ur5/workspace/ros2_kortex_ws/install/ros2controlcli:/home/ur5/workspace/ros2_kortex_ws/install/ros2_controllers_test_nodes /usr/bin/cmake --build /home/ur5/husky_ws/build/turtlebot3_navigation2 -- -j12 -l12
[0.082s] Invoking command in '/home/ur5/husky_ws/build/turtlebot3_navigation2': CMAKE_PREFIX_PATH=${CMAKE_PREFIX_PATH}:/home/ur5/rg2_ws/install/gripper_control:/home/ur5/rosbot_ws/install/rosbot_utils:/home/ur5/rosbot_ws/install/rosbot_gazebo:/home/ur5/rosbot_ws/install/rosbot_bringup:/home/ur5/rosbot_ws/install/rosbot_controller:/home/ur5/ur5_ws/install/solution:/home/ur5/ur5_ws/install/projectur5:/home/ur5/ur5_ws/install/projectUR5:/home/ur5/ur5_ws/install/my_package:/home/ur5/ur5_ws/install/kinematics:/home/ur5/workspace/ros2_kortex_ws/install/rqt_joint_trajectory_controller:/home/ur5/workspace/ros2_kortex_ws/install/rqt_controller_manager:/home/ur5/workspace/ros2_kortex_ws/install/ros2controlcli:/home/ur5/workspace/ros2_kortex_ws/install/ros2_controllers_test_nodes /usr/bin/cmake --install /home/ur5/husky_ws/build/turtlebot3_navigation2
[0.100s] -- Install configuration: ""
[0.100s] -- Up-to-date: /home/ur5/husky_ws/install/turtlebot3_navigation2/share/turtlebot3_navigation2/launch
[0.100s] -- Up-to-date: /home/ur5/husky_ws/install/turtlebot3_navigation2/share/turtlebot3_navigation2/launch/navigation2.launch.py
[0.100s] -- Up-to-date: /home/ur5/husky_ws/install/turtlebot3_navigation2/share/turtlebot3_navigation2/map
[0.101s] -- Up-to-date: /home/ur5/husky_ws/install/turtlebot3_navigation2/share/turtlebot3_navigation2/map/map.pgm
[0.101s] -- Up-to-date: /home/ur5/husky_ws/install/turtlebot3_navigation2/share/turtlebot3_navigation2/map/map.yaml
[0.101s] -- Up-to-date: /home/ur5/husky_ws/install/turtlebot3_navigation2/share/turtlebot3_navigation2/param
[0.102s] -- Up-to-date: /home/ur5/husky_ws/install/turtlebot3_navigation2/share/turtlebot3_navigation2/param/waffle.yaml
[0.102s] -- Up-to-date: /home/ur5/husky_ws/install/turtlebot3_navigation2/share/turtlebot3_navigation2/param/burger.yaml
[0.102s] -- Up-to-date: /home/ur5/husky_ws/install/turtlebot3_navigation2/share/turtlebot3_navigation2/param/burger_cam.yaml
[0.102s] -- Up-to-date: /home/ur5/husky_ws/install/turtlebot3_navigation2/share/turtlebot3_navigation2/param/waffle_pi.yaml
[0.102s] -- Up-to-date: /home/ur5/husky_ws/install/turtlebot3_navigation2/share/turtlebot3_navigation2/rviz
[0.102s] -- Up-to-date: /home/ur5/husky_ws/install/turtlebot3_navigation2/share/turtlebot3_navigation2/rviz/tb3_navigation2.rviz
[0.103s] -- Up-to-date: /home/ur5/husky_ws/install/turtlebot3_navigation2/share/ament_index/resource_index/package_run_dependencies/turtlebot3_navigation2
[0.103s] -- Up-to-date: /home/ur5/husky_ws/install/turtlebot3_navigation2/share/ament_index/resource_index/parent_prefix_path/turtlebot3_navigation2
[0.103s] -- Up-to-date: /home/ur5/husky_ws/install/turtlebot3_navigation2/share/turtlebot3_navigation2/environment/ament_prefix_path.sh
[0.103s] -- Up-to-date: /home/ur5/husky_ws/install/turtlebot3_navigation2/share/turtlebot3_navigation2/environment/ament_prefix_path.dsv
[0.103s] -- Up-to-date: /home/ur5/husky_ws/install/turtlebot3_navigation2/share/turtlebot3_navigation2/environment/path.sh
[0.104s] -- Up-to-date: /home/ur5/husky_ws/install/turtlebot3_navigation2/share/turtlebot3_navigation2/environment/path.dsv
[0.104s] -- Up-to-date: /home/ur5/husky_ws/install/turtlebot3_navigation2/share/turtlebot3_navigation2/local_setup.bash
[0.105s] -- Up-to-date: /home/ur5/husky_ws/install/turtlebot3_navigation2/share/turtlebot3_navigation2/local_setup.sh
[0.105s] -- Up-to-date: /home/ur5/husky_ws/install/turtlebot3_navigation2/share/turtlebot3_navigation2/local_setup.zsh
[0.105s] -- Up-to-date: /home/ur5/husky_ws/install/turtlebot3_navigation2/share/turtlebot3_navigation2/local_setup.dsv
[0.106s] -- Installing: /home/ur5/husky_ws/install/turtlebot3_navigation2/share/turtlebot3_navigation2/package.dsv
[0.106s] -- Up-to-date: /home/ur5/husky_ws/install/turtlebot3_navigation2/share/ament_index/resource_index/packages/turtlebot3_navigation2
[0.106s] -- Up-to-date: /home/ur5/husky_ws/install/turtlebot3_navigation2/share/turtlebot3_navigation2/cmake/turtlebot3_navigation2Config.cmake
[0.107s] -- Up-to-date: /home/ur5/husky_ws/install/turtlebot3_navigation2/share/turtlebot3_navigation2/cmake/turtlebot3_navigation2Config-version.cmake
[0.107s] -- Up-to-date: /home/ur5/husky_ws/install/turtlebot3_navigation2/share/turtlebot3_navigation2/package.xml
[0.153s] Invoked command in '/home/ur5/husky_ws/build/turtlebot3_navigation2' returned '0': CMAKE_PREFIX_PATH=${CMAKE_PREFIX_PATH}:/home/ur5/rg2_ws/install/gripper_control:/home/ur5/rosbot_ws/install/rosbot_utils:/home/ur5/rosbot_ws/install/rosbot_gazebo:/home/ur5/rosbot_ws/install/rosbot_bringup:/home/ur5/rosbot_ws/install/rosbot_controller:/home/ur5/ur5_ws/install/solution:/home/ur5/ur5_ws/install/projectur5:/home/ur5/ur5_ws/install/projectUR5:/home/ur5/ur5_ws/install/my_package:/home/ur5/ur5_ws/install/kinematics:/home/ur5/workspace/ros2_kortex_ws/install/rqt_joint_trajectory_controller:/home/ur5/workspace/ros2_kortex_ws/install/rqt_controller_manager:/home/ur5/workspace/ros2_kortex_ws/install/ros2controlcli:/home/ur5/workspace/ros2_kortex_ws/install/ros2_controllers_test_nodes /usr/bin/cmake --install /home/ur5/husky_ws/build/turtlebot3_navigation2
