[0.062s] Invoking command in '/home/ur5/husky_ws/build/husky_msgs': CMAKE_PREFIX_PATH=${CMAKE_PREFIX_PATH}:/home/ur5/rg2_ws/install/gripper_control:/home/ur5/ur5_ws/install/solution:/home/ur5/ur5_ws/install/projectur5:/home/ur5/ur5_ws/install/projectUR5:/home/ur5/ur5_ws/install/my_package:/home/ur5/ur5_ws/install/kinematics:/home/ur5/workspace/ros2_kortex_ws/install/rqt_joint_trajectory_controller:/home/ur5/workspace/ros2_kortex_ws/install/rqt_controller_manager:/home/ur5/workspace/ros2_kortex_ws/install/ros2controlcli:/home/ur5/workspace/ros2_kortex_ws/install/ros2_controllers_test_nodes /usr/bin/cmake --build /home/ur5/husky_ws/build/husky_msgs -- -j12 -l12
[0.215s] [  9%] Built target husky_msgs__cpp
[0.218s] [ 12%] Built target husky_msgs__rosidl_generator_c
[0.260s] [ 12%] Built target ament_cmake_python_copy_husky_msgs
[0.317s] [ 32%] Built target husky_msgs__rosidl_typesupport_introspection_c
[0.317s] [ 32%] Built target husky_msgs__rosidl_typesupport_c
[0.322s] [ 41%] Built target husky_msgs__rosidl_typesupport_introspection_cpp
[0.327s] [ 51%] Built target husky_msgs__rosidl_typesupport_cpp
[0.332s] [ 61%] Built target husky_msgs__rosidl_typesupport_fastrtps_cpp
[0.359s] [ 70%] Built target husky_msgs__rosidl_typesupport_fastrtps_c
[0.460s] [ 70%] Built target husky_msgs
[0.532s] [ 74%] Built target husky_msgs__py
[0.627s] [ 80%] Built target husky_msgs__rosidl_generator_py
[0.689s] [ 93%] Built target husky_msgs__rosidl_typesupport_introspection_c__pyext
[0.689s] [ 93%] Built target husky_msgs__rosidl_typesupport_fastrtps_c__pyext
[0.691s] [100%] Built target husky_msgs__rosidl_typesupport_c__pyext
[0.989s] running egg_info
[0.990s] writing husky_msgs.egg-info/PKG-INFO
[0.990s] writing dependency_links to husky_msgs.egg-info/dependency_links.txt
[0.990s] writing top-level names to husky_msgs.egg-info/top_level.txt
[0.994s] reading manifest file 'husky_msgs.egg-info/SOURCES.txt'
[0.994s] writing manifest file 'husky_msgs.egg-info/SOURCES.txt'
[1.114s] [100%] Built target ament_cmake_python_build_husky_msgs_egg
[1.139s] Invoked command in '/home/ur5/husky_ws/build/husky_msgs' returned '0': CMAKE_PREFIX_PATH=${CMAKE_PREFIX_PATH}:/home/ur5/rg2_ws/install/gripper_control:/home/ur5/ur5_ws/install/solution:/home/ur5/ur5_ws/install/projectur5:/home/ur5/ur5_ws/install/projectUR5:/home/ur5/ur5_ws/install/my_package:/home/ur5/ur5_ws/install/kinematics:/home/ur5/workspace/ros2_kortex_ws/install/rqt_joint_trajectory_controller:/home/ur5/workspace/ros2_kortex_ws/install/rqt_controller_manager:/home/ur5/workspace/ros2_kortex_ws/install/ros2controlcli:/home/ur5/workspace/ros2_kortex_ws/install/ros2_controllers_test_nodes /usr/bin/cmake --build /home/ur5/husky_ws/build/husky_msgs -- -j12 -l12
[1.145s] Invoking command in '/home/ur5/husky_ws/build/husky_msgs': CMAKE_PREFIX_PATH=${CMAKE_PREFIX_PATH}:/home/ur5/rg2_ws/install/gripper_control:/home/ur5/ur5_ws/install/solution:/home/ur5/ur5_ws/install/projectur5:/home/ur5/ur5_ws/install/projectUR5:/home/ur5/ur5_ws/install/my_package:/home/ur5/ur5_ws/install/kinematics:/home/ur5/workspace/ros2_kortex_ws/install/rqt_joint_trajectory_controller:/home/ur5/workspace/ros2_kortex_ws/install/rqt_controller_manager:/home/ur5/workspace/ros2_kortex_ws/install/ros2controlcli:/home/ur5/workspace/ros2_kortex_ws/install/ros2_controllers_test_nodes /usr/bin/cmake --install /home/ur5/husky_ws/build/husky_msgs
[1.165s] -- Install configuration: ""
[1.165s] -- Up-to-date: /home/ur5/husky_ws/install/husky_msgs/share/ament_index/resource_index/rosidl_interfaces/husky_msgs
[1.165s] -- Up-to-date: /home/ur5/husky_ws/install/husky_msgs/include/husky_msgs/husky_msgs
[1.165s] -- Up-to-date: /home/ur5/husky_ws/install/husky_msgs/include/husky_msgs/husky_msgs/msg
[1.165s] -- Up-to-date: /home/ur5/husky_ws/install/husky_msgs/include/husky_msgs/husky_msgs/msg/husky_status.h
[1.165s] -- Up-to-date: /home/ur5/husky_ws/install/husky_msgs/include/husky_msgs/husky_msgs/msg/rosidl_generator_c__visibility_control.h
[1.166s] -- Up-to-date: /home/ur5/husky_ws/install/husky_msgs/include/husky_msgs/husky_msgs/msg/detail
[1.166s] -- Up-to-date: /home/ur5/husky_ws/install/husky_msgs/include/husky_msgs/husky_msgs/msg/detail/husky_status__type_support.h
[1.166s] -- Up-to-date: /home/ur5/husky_ws/install/husky_msgs/include/husky_msgs/husky_msgs/msg/detail/husky_status__functions.c
[1.166s] -- Up-to-date: /home/ur5/husky_ws/install/husky_msgs/include/husky_msgs/husky_msgs/msg/detail/husky_status__struct.h
[1.166s] -- Up-to-date: /home/ur5/husky_ws/install/husky_msgs/include/husky_msgs/husky_msgs/msg/detail/husky_status__functions.h
[1.166s] -- Up-to-date: /home/ur5/husky_ws/install/husky_msgs/share/husky_msgs/environment/library_path.sh
[1.167s] -- Up-to-date: /home/ur5/husky_ws/install/husky_msgs/share/husky_msgs/environment/library_path.dsv
[1.167s] -- Up-to-date: /home/ur5/husky_ws/install/husky_msgs/lib/libhusky_msgs__rosidl_generator_c.so
[1.167s] -- Up-to-date: /home/ur5/husky_ws/install/husky_msgs/include/husky_msgs/husky_msgs
[1.167s] -- Up-to-date: /home/ur5/husky_ws/install/husky_msgs/include/husky_msgs/husky_msgs/msg
[1.167s] -- Up-to-date: /home/ur5/husky_ws/install/husky_msgs/include/husky_msgs/husky_msgs/msg/rosidl_typesupport_fastrtps_c__visibility_control.h
[1.168s] -- Up-to-date: /home/ur5/husky_ws/install/husky_msgs/include/husky_msgs/husky_msgs/msg/detail
[1.168s] -- Up-to-date: /home/ur5/husky_ws/install/husky_msgs/include/husky_msgs/husky_msgs/msg/detail/husky_status__rosidl_typesupport_fastrtps_c.h
[1.168s] -- Up-to-date: /home/ur5/husky_ws/install/husky_msgs/lib/libhusky_msgs__rosidl_typesupport_fastrtps_c.so
[1.168s] -- Up-to-date: /home/ur5/husky_ws/install/husky_msgs/include/husky_msgs/husky_msgs
[1.168s] -- Up-to-date: /home/ur5/husky_ws/install/husky_msgs/include/husky_msgs/husky_msgs/msg
[1.168s] -- Up-to-date: /home/ur5/husky_ws/install/husky_msgs/include/husky_msgs/husky_msgs/msg/rosidl_generator_cpp__visibility_control.hpp
[1.168s] -- Up-to-date: /home/ur5/husky_ws/install/husky_msgs/include/husky_msgs/husky_msgs/msg/husky_status.hpp
[1.169s] -- Up-to-date: /home/ur5/husky_ws/install/husky_msgs/include/husky_msgs/husky_msgs/msg/detail
[1.169s] -- Up-to-date: /home/ur5/husky_ws/install/husky_msgs/include/husky_msgs/husky_msgs/msg/detail/husky_status__traits.hpp
[1.169s] -- Up-to-date: /home/ur5/husky_ws/install/husky_msgs/include/husky_msgs/husky_msgs/msg/detail/husky_status__builder.hpp
[1.169s] -- Up-to-date: /home/ur5/husky_ws/install/husky_msgs/include/husky_msgs/husky_msgs/msg/detail/husky_status__type_support.hpp
[1.171s] -- Up-to-date: /home/ur5/husky_ws/install/husky_msgs/include/husky_msgs/husky_msgs/msg/detail/husky_status__struct.hpp
[1.174s] -- Up-to-date: /home/ur5/husky_ws/install/husky_msgs/include/husky_msgs/husky_msgs
[1.174s] -- Up-to-date: /home/ur5/husky_ws/install/husky_msgs/include/husky_msgs/husky_msgs/msg
[1.174s] -- Up-to-date: /home/ur5/husky_ws/install/husky_msgs/include/husky_msgs/husky_msgs/msg/rosidl_typesupport_fastrtps_cpp__visibility_control.h
[1.174s] -- Up-to-date: /home/ur5/husky_ws/install/husky_msgs/include/husky_msgs/husky_msgs/msg/detail
[1.174s] -- Up-to-date: /home/ur5/husky_ws/install/husky_msgs/include/husky_msgs/husky_msgs/msg/detail/dds_fastrtps
[1.175s] -- Up-to-date: /home/ur5/husky_ws/install/husky_msgs/include/husky_msgs/husky_msgs/msg/detail/husky_status__rosidl_typesupport_fastrtps_cpp.hpp
[1.176s] -- Up-to-date: /home/ur5/husky_ws/install/husky_msgs/lib/libhusky_msgs__rosidl_typesupport_fastrtps_cpp.so
[1.176s] -- Up-to-date: /home/ur5/husky_ws/install/husky_msgs/include/husky_msgs/husky_msgs
[1.176s] -- Up-to-date: /home/ur5/husky_ws/install/husky_msgs/include/husky_msgs/husky_msgs/msg
[1.176s] -- Up-to-date: /home/ur5/husky_ws/install/husky_msgs/include/husky_msgs/husky_msgs/msg/rosidl_typesupport_introspection_c__visibility_control.h
[1.176s] -- Up-to-date: /home/ur5/husky_ws/install/husky_msgs/include/husky_msgs/husky_msgs/msg/detail
[1.177s] -- Up-to-date: /home/ur5/husky_ws/install/husky_msgs/include/husky_msgs/husky_msgs/msg/detail/husky_status__type_support.c
[1.177s] -- Up-to-date: /home/ur5/husky_ws/install/husky_msgs/include/husky_msgs/husky_msgs/msg/detail/husky_status__rosidl_typesupport_introspection_c.h
[1.177s] -- Up-to-date: /home/ur5/husky_ws/install/husky_msgs/lib/libhusky_msgs__rosidl_typesupport_introspection_c.so
[1.177s] -- Up-to-date: /home/ur5/husky_ws/install/husky_msgs/lib/libhusky_msgs__rosidl_typesupport_c.so
[1.178s] -- Up-to-date: /home/ur5/husky_ws/install/husky_msgs/include/husky_msgs/husky_msgs
[1.178s] -- Up-to-date: /home/ur5/husky_ws/install/husky_msgs/include/husky_msgs/husky_msgs/msg
[1.178s] -- Up-to-date: /home/ur5/husky_ws/install/husky_msgs/include/husky_msgs/husky_msgs/msg/detail
[1.178s] -- Up-to-date: /home/ur5/husky_ws/install/husky_msgs/include/husky_msgs/husky_msgs/msg/detail/husky_status__rosidl_typesupport_introspection_cpp.hpp
[1.178s] -- Up-to-date: /home/ur5/husky_ws/install/husky_msgs/include/husky_msgs/husky_msgs/msg/detail/husky_status__type_support.cpp
[1.178s] -- Up-to-date: /home/ur5/husky_ws/install/husky_msgs/lib/libhusky_msgs__rosidl_typesupport_introspection_cpp.so
[1.178s] -- Up-to-date: /home/ur5/husky_ws/install/husky_msgs/lib/libhusky_msgs__rosidl_typesupport_cpp.so
[1.179s] -- Up-to-date: /home/ur5/husky_ws/install/husky_msgs/share/husky_msgs/environment/pythonpath.sh
[1.179s] -- Up-to-date: /home/ur5/husky_ws/install/husky_msgs/share/husky_msgs/environment/pythonpath.dsv
[1.179s] -- Up-to-date: /home/ur5/husky_ws/install/husky_msgs/local/lib/python3.10/dist-packages/husky_msgs-1.0.8-py3.10.egg-info
[1.179s] -- Installing: /home/ur5/husky_ws/install/husky_msgs/local/lib/python3.10/dist-packages/husky_msgs-1.0.8-py3.10.egg-info/dependency_links.txt
[1.179s] -- Installing: /home/ur5/husky_ws/install/husky_msgs/local/lib/python3.10/dist-packages/husky_msgs-1.0.8-py3.10.egg-info/SOURCES.txt
[1.179s] -- Installing: /home/ur5/husky_ws/install/husky_msgs/local/lib/python3.10/dist-packages/husky_msgs-1.0.8-py3.10.egg-info/PKG-INFO
[1.179s] -- Installing: /home/ur5/husky_ws/install/husky_msgs/local/lib/python3.10/dist-packages/husky_msgs-1.0.8-py3.10.egg-info/top_level.txt
[1.179s] -- Up-to-date: /home/ur5/husky_ws/install/husky_msgs/local/lib/python3.10/dist-packages/husky_msgs
[1.179s] -- Up-to-date: /home/ur5/husky_ws/install/husky_msgs/local/lib/python3.10/dist-packages/husky_msgs/libhusky_msgs__rosidl_generator_py.so
[1.179s] -- Up-to-date: /home/ur5/husky_ws/install/husky_msgs/local/lib/python3.10/dist-packages/husky_msgs/msg
[1.180s] -- Up-to-date: /home/ur5/husky_ws/install/husky_msgs/local/lib/python3.10/dist-packages/husky_msgs/msg/_husky_status.py
[1.180s] -- Up-to-date: /home/ur5/husky_ws/install/husky_msgs/local/lib/python3.10/dist-packages/husky_msgs/msg/__init__.py
[1.180s] -- Up-to-date: /home/ur5/husky_ws/install/husky_msgs/local/lib/python3.10/dist-packages/husky_msgs/msg/_husky_status_s.c
[1.180s] -- Up-to-date: /home/ur5/husky_ws/install/husky_msgs/local/lib/python3.10/dist-packages/husky_msgs/_husky_msgs_s.ep.rosidl_typesupport_introspection_c.c
[1.180s] -- Up-to-date: /home/ur5/husky_ws/install/husky_msgs/local/lib/python3.10/dist-packages/husky_msgs/_husky_msgs_s.ep.rosidl_typesupport_c.c
[1.180s] -- Up-to-date: /home/ur5/husky_ws/install/husky_msgs/local/lib/python3.10/dist-packages/husky_msgs/husky_msgs_s__rosidl_typesupport_introspection_c.cpython-310-x86_64-linux-gnu.so
[1.180s] -- Up-to-date: /home/ur5/husky_ws/install/husky_msgs/local/lib/python3.10/dist-packages/husky_msgs/__init__.py
[1.180s] -- Up-to-date: /home/ur5/husky_ws/install/husky_msgs/local/lib/python3.10/dist-packages/husky_msgs/_husky_msgs_s.ep.rosidl_typesupport_fastrtps_c.c
[1.181s] -- Up-to-date: /home/ur5/husky_ws/install/husky_msgs/local/lib/python3.10/dist-packages/husky_msgs/husky_msgs_s__rosidl_typesupport_fastrtps_c.cpython-310-x86_64-linux-gnu.so
[1.181s] -- Up-to-date: /home/ur5/husky_ws/install/husky_msgs/local/lib/python3.10/dist-packages/husky_msgs/husky_msgs_s__rosidl_typesupport_c.cpython-310-x86_64-linux-gnu.so
[1.248s] Listing '/home/ur5/husky_ws/install/husky_msgs/local/lib/python3.10/dist-packages/husky_msgs'...
[1.248s] Listing '/home/ur5/husky_ws/install/husky_msgs/local/lib/python3.10/dist-packages/husky_msgs/msg'...
[1.260s] -- Up-to-date: /home/ur5/husky_ws/install/husky_msgs/local/lib/python3.10/dist-packages/husky_msgs/husky_msgs_s__rosidl_typesupport_fastrtps_c.cpython-310-x86_64-linux-gnu.so
[1.260s] -- Up-to-date: /home/ur5/husky_ws/install/husky_msgs/local/lib/python3.10/dist-packages/husky_msgs/husky_msgs_s__rosidl_typesupport_introspection_c.cpython-310-x86_64-linux-gnu.so
[1.260s] -- Up-to-date: /home/ur5/husky_ws/install/husky_msgs/local/lib/python3.10/dist-packages/husky_msgs/husky_msgs_s__rosidl_typesupport_c.cpython-310-x86_64-linux-gnu.so
[1.261s] -- Up-to-date: /home/ur5/husky_ws/install/husky_msgs/lib/libhusky_msgs__rosidl_generator_py.so
[1.261s] -- Up-to-date: /home/ur5/husky_ws/install/husky_msgs/share/husky_msgs/msg/HuskyStatus.idl
[1.261s] -- Up-to-date: /home/ur5/husky_ws/install/husky_msgs/share/husky_msgs/msg/HuskyStatus.msg
[1.261s] -- Up-to-date: /home/ur5/husky_ws/install/husky_msgs/share/ament_index/resource_index/package_run_dependencies/husky_msgs
[1.262s] -- Up-to-date: /home/ur5/husky_ws/install/husky_msgs/share/ament_index/resource_index/parent_prefix_path/husky_msgs
[1.262s] -- Up-to-date: /home/ur5/husky_ws/install/husky_msgs/share/husky_msgs/environment/ament_prefix_path.sh
[1.262s] -- Up-to-date: /home/ur5/husky_ws/install/husky_msgs/share/husky_msgs/environment/ament_prefix_path.dsv
[1.262s] -- Up-to-date: /home/ur5/husky_ws/install/husky_msgs/share/husky_msgs/environment/path.sh
[1.262s] -- Up-to-date: /home/ur5/husky_ws/install/husky_msgs/share/husky_msgs/environment/path.dsv
[1.262s] -- Up-to-date: /home/ur5/husky_ws/install/husky_msgs/share/husky_msgs/local_setup.bash
[1.262s] -- Up-to-date: /home/ur5/husky_ws/install/husky_msgs/share/husky_msgs/local_setup.sh
[1.262s] -- Up-to-date: /home/ur5/husky_ws/install/husky_msgs/share/husky_msgs/local_setup.zsh
[1.262s] -- Up-to-date: /home/ur5/husky_ws/install/husky_msgs/share/husky_msgs/local_setup.dsv
[1.263s] -- Installing: /home/ur5/husky_ws/install/husky_msgs/share/husky_msgs/package.dsv
[1.263s] -- Up-to-date: /home/ur5/husky_ws/install/husky_msgs/share/ament_index/resource_index/packages/husky_msgs
[1.263s] -- Up-to-date: /home/ur5/husky_ws/install/husky_msgs/share/husky_msgs/cmake/export_husky_msgs__rosidl_generator_cExport.cmake
[1.263s] -- Up-to-date: /home/ur5/husky_ws/install/husky_msgs/share/husky_msgs/cmake/export_husky_msgs__rosidl_generator_cExport-noconfig.cmake
[1.263s] -- Up-to-date: /home/ur5/husky_ws/install/husky_msgs/share/husky_msgs/cmake/export_husky_msgs__rosidl_typesupport_fastrtps_cExport.cmake
[1.263s] -- Up-to-date: /home/ur5/husky_ws/install/husky_msgs/share/husky_msgs/cmake/export_husky_msgs__rosidl_typesupport_fastrtps_cExport-noconfig.cmake
[1.263s] -- Up-to-date: /home/ur5/husky_ws/install/husky_msgs/share/husky_msgs/cmake/export_husky_msgs__rosidl_generator_cppExport.cmake
[1.264s] -- Up-to-date: /home/ur5/husky_ws/install/husky_msgs/share/husky_msgs/cmake/export_husky_msgs__rosidl_typesupport_fastrtps_cppExport.cmake
[1.264s] -- Up-to-date: /home/ur5/husky_ws/install/husky_msgs/share/husky_msgs/cmake/export_husky_msgs__rosidl_typesupport_fastrtps_cppExport-noconfig.cmake
[1.264s] -- Up-to-date: /home/ur5/husky_ws/install/husky_msgs/share/husky_msgs/cmake/husky_msgs__rosidl_typesupport_introspection_cExport.cmake
[1.264s] -- Up-to-date: /home/ur5/husky_ws/install/husky_msgs/share/husky_msgs/cmake/husky_msgs__rosidl_typesupport_introspection_cExport-noconfig.cmake
[1.264s] -- Up-to-date: /home/ur5/husky_ws/install/husky_msgs/share/husky_msgs/cmake/husky_msgs__rosidl_typesupport_cExport.cmake
[1.264s] -- Up-to-date: /home/ur5/husky_ws/install/husky_msgs/share/husky_msgs/cmake/husky_msgs__rosidl_typesupport_cExport-noconfig.cmake
[1.264s] -- Up-to-date: /home/ur5/husky_ws/install/husky_msgs/share/husky_msgs/cmake/husky_msgs__rosidl_typesupport_introspection_cppExport.cmake
[1.264s] -- Up-to-date: /home/ur5/husky_ws/install/husky_msgs/share/husky_msgs/cmake/husky_msgs__rosidl_typesupport_introspection_cppExport-noconfig.cmake
[1.265s] -- Up-to-date: /home/ur5/husky_ws/install/husky_msgs/share/husky_msgs/cmake/husky_msgs__rosidl_typesupport_cppExport.cmake
[1.265s] -- Up-to-date: /home/ur5/husky_ws/install/husky_msgs/share/husky_msgs/cmake/husky_msgs__rosidl_typesupport_cppExport-noconfig.cmake
[1.265s] -- Up-to-date: /home/ur5/husky_ws/install/husky_msgs/share/husky_msgs/cmake/export_husky_msgs__rosidl_generator_pyExport.cmake
[1.265s] -- Up-to-date: /home/ur5/husky_ws/install/husky_msgs/share/husky_msgs/cmake/export_husky_msgs__rosidl_generator_pyExport-noconfig.cmake
[1.265s] -- Up-to-date: /home/ur5/husky_ws/install/husky_msgs/share/husky_msgs/cmake/rosidl_cmake-extras.cmake
[1.265s] -- Up-to-date: /home/ur5/husky_ws/install/husky_msgs/share/husky_msgs/cmake/ament_cmake_export_dependencies-extras.cmake
[1.265s] -- Up-to-date: /home/ur5/husky_ws/install/husky_msgs/share/husky_msgs/cmake/ament_cmake_export_include_directories-extras.cmake
[1.265s] -- Up-to-date: /home/ur5/husky_ws/install/husky_msgs/share/husky_msgs/cmake/ament_cmake_export_libraries-extras.cmake
[1.265s] -- Up-to-date: /home/ur5/husky_ws/install/husky_msgs/share/husky_msgs/cmake/ament_cmake_export_targets-extras.cmake
[1.265s] -- Up-to-date: /home/ur5/husky_ws/install/husky_msgs/share/husky_msgs/cmake/rosidl_cmake_export_typesupport_targets-extras.cmake
[1.266s] -- Up-to-date: /home/ur5/husky_ws/install/husky_msgs/share/husky_msgs/cmake/rosidl_cmake_export_typesupport_libraries-extras.cmake
[1.266s] -- Up-to-date: /home/ur5/husky_ws/install/husky_msgs/share/husky_msgs/cmake/husky_msgsConfig.cmake
[1.266s] -- Up-to-date: /home/ur5/husky_ws/install/husky_msgs/share/husky_msgs/cmake/husky_msgsConfig-version.cmake
[1.266s] -- Up-to-date: /home/ur5/husky_ws/install/husky_msgs/share/husky_msgs/package.xml
[1.271s] Invoked command in '/home/ur5/husky_ws/build/husky_msgs' returned '0': CMAKE_PREFIX_PATH=${CMAKE_PREFIX_PATH}:/home/ur5/rg2_ws/install/gripper_control:/home/ur5/ur5_ws/install/solution:/home/ur5/ur5_ws/install/projectur5:/home/ur5/ur5_ws/install/projectUR5:/home/ur5/ur5_ws/install/my_package:/home/ur5/ur5_ws/install/kinematics:/home/ur5/workspace/ros2_kortex_ws/install/rqt_joint_trajectory_controller:/home/ur5/workspace/ros2_kortex_ws/install/rqt_controller_manager:/home/ur5/workspace/ros2_kortex_ws/install/ros2controlcli:/home/ur5/workspace/ros2_kortex_ws/install/ros2_controllers_test_nodes /usr/bin/cmake --install /home/ur5/husky_ws/build/husky_msgs
