[0.023s] Invoking command in '/home/ur5/husky_ws/build/husky_description': CMAKE_PREFIX_PATH=${CMAKE_PREFIX_PATH}:/home/ur5/rg2_ws/install/gripper_control:/home/ur5/ur5_ws/install/solution:/home/ur5/ur5_ws/install/projectur5:/home/ur5/ur5_ws/install/projectUR5:/home/ur5/ur5_ws/install/my_package:/home/ur5/ur5_ws/install/kinematics:/home/ur5/workspace/ros2_kortex_ws/install/rqt_joint_trajectory_controller:/home/ur5/workspace/ros2_kortex_ws/install/rqt_controller_manager:/home/ur5/workspace/ros2_kortex_ws/install/ros2controlcli:/home/ur5/workspace/ros2_kortex_ws/install/ros2_controllers_test_nodes /usr/bin/cmake /home/ur5/husky_ws/src/husky/husky_description -DCMAKE_INSTALL_PREFIX=/home/ur5/husky_ws/install/husky_description
[0.143s] -- The C compiler identification is GNU 11.4.0
[0.227s] -- The CXX compiler identification is GNU 11.4.0
[0.238s] -- Detecting C compiler ABI info
[0.324s] -- Detecting C compiler ABI info - done
[0.331s] -- Check for working C compiler: /usr/bin/cc - skipped
[0.331s] -- Detecting C compile features
[0.331s] -- Detecting C compile features - done
[0.334s] -- Detecting CXX compiler ABI info
[0.424s] -- Detecting CXX compiler ABI info - done
[0.431s] -- Check for working CXX compiler: /usr/bin/c++ - skipped
[0.431s] -- Detecting CXX compile features
[0.431s] -- Detecting CXX compile features - done
[0.444s] -- Found ament_cmake: 1.3.11 (/opt/ros/humble/share/ament_cmake/cmake)
[0.624s] -- Found Python3: /usr/bin/python3 (found version "3.10.12") found components: Interpreter 
[0.815s] -- Found urdf: 2.6.1 (/opt/ros/humble/share/urdf/cmake)
[1.017s] -- Configuring done
[1.019s] -- Generating done
[1.021s] -- Build files have been written to: /home/ur5/husky_ws/build/husky_description
[1.025s] Invoked command in '/home/ur5/husky_ws/build/husky_description' returned '0': CMAKE_PREFIX_PATH=${CMAKE_PREFIX_PATH}:/home/ur5/rg2_ws/install/gripper_control:/home/ur5/ur5_ws/install/solution:/home/ur5/ur5_ws/install/projectur5:/home/ur5/ur5_ws/install/projectUR5:/home/ur5/ur5_ws/install/my_package:/home/ur5/ur5_ws/install/kinematics:/home/ur5/workspace/ros2_kortex_ws/install/rqt_joint_trajectory_controller:/home/ur5/workspace/ros2_kortex_ws/install/rqt_controller_manager:/home/ur5/workspace/ros2_kortex_ws/install/ros2controlcli:/home/ur5/workspace/ros2_kortex_ws/install/ros2_controllers_test_nodes /usr/bin/cmake /home/ur5/husky_ws/src/husky/husky_description -DCMAKE_INSTALL_PREFIX=/home/ur5/husky_ws/install/husky_description
[1.027s] Invoking command in '/home/ur5/husky_ws/build/husky_description': CMAKE_PREFIX_PATH=${CMAKE_PREFIX_PATH}:/home/ur5/rg2_ws/install/gripper_control:/home/ur5/ur5_ws/install/solution:/home/ur5/ur5_ws/install/projectur5:/home/ur5/ur5_ws/install/projectUR5:/home/ur5/ur5_ws/install/my_package:/home/ur5/ur5_ws/install/kinematics:/home/ur5/workspace/ros2_kortex_ws/install/rqt_joint_trajectory_controller:/home/ur5/workspace/ros2_kortex_ws/install/rqt_controller_manager:/home/ur5/workspace/ros2_kortex_ws/install/ros2controlcli:/home/ur5/workspace/ros2_kortex_ws/install/ros2_controllers_test_nodes /usr/bin/cmake --build /home/ur5/husky_ws/build/husky_description -- -j12 -l12
[1.079s] Invoked command in '/home/ur5/husky_ws/build/husky_description' returned '0': CMAKE_PREFIX_PATH=${CMAKE_PREFIX_PATH}:/home/ur5/rg2_ws/install/gripper_control:/home/ur5/ur5_ws/install/solution:/home/ur5/ur5_ws/install/projectur5:/home/ur5/ur5_ws/install/projectUR5:/home/ur5/ur5_ws/install/my_package:/home/ur5/ur5_ws/install/kinematics:/home/ur5/workspace/ros2_kortex_ws/install/rqt_joint_trajectory_controller:/home/ur5/workspace/ros2_kortex_ws/install/rqt_controller_manager:/home/ur5/workspace/ros2_kortex_ws/install/ros2controlcli:/home/ur5/workspace/ros2_kortex_ws/install/ros2_controllers_test_nodes /usr/bin/cmake --build /home/ur5/husky_ws/build/husky_description -- -j12 -l12
[1.091s] Invoking command in '/home/ur5/husky_ws/build/husky_description': CMAKE_PREFIX_PATH=${CMAKE_PREFIX_PATH}:/home/ur5/rg2_ws/install/gripper_control:/home/ur5/ur5_ws/install/solution:/home/ur5/ur5_ws/install/projectur5:/home/ur5/ur5_ws/install/projectUR5:/home/ur5/ur5_ws/install/my_package:/home/ur5/ur5_ws/install/kinematics:/home/ur5/workspace/ros2_kortex_ws/install/rqt_joint_trajectory_controller:/home/ur5/workspace/ros2_kortex_ws/install/rqt_controller_manager:/home/ur5/workspace/ros2_kortex_ws/install/ros2controlcli:/home/ur5/workspace/ros2_kortex_ws/install/ros2_controllers_test_nodes /usr/bin/cmake --install /home/ur5/husky_ws/build/husky_description
[1.103s] -- Install configuration: ""
[1.103s] -- Installing: /home/ur5/husky_ws/install/husky_description/share/husky_description/launch
[1.103s] -- Installing: /home/ur5/husky_ws/install/husky_description/share/husky_description/launch/description_launch.py
[1.103s] -- Installing: /home/ur5/husky_ws/install/husky_description/share/husky_description/launch/description.launch
[1.103s] -- Installing: /home/ur5/husky_ws/install/husky_description/share/husky_description/meshes
[1.104s] -- Installing: /home/ur5/husky_ws/install/husky_description/share/husky_description/meshes/top_chassis.stl
[1.104s] -- Installing: /home/ur5/husky_ws/install/husky_description/share/husky_description/meshes/wheel.dae
[1.106s] -- Installing: /home/ur5/husky_ws/install/husky_description/share/husky_description/meshes/top_chassis.dae
[1.107s] -- Installing: /home/ur5/husky_ws/install/husky_description/share/husky_description/meshes/large_top_plate.dae
[1.107s] -- Installing: /home/ur5/husky_ws/install/husky_description/share/husky_description/meshes/top_plate.dae
[1.107s] -- Installing: /home/ur5/husky_ws/install/husky_description/share/husky_description/meshes/top_plate.stl
[1.108s] -- Installing: /home/ur5/husky_ws/install/husky_description/share/husky_description/meshes/base_link.dae
[1.108s] -- Installing: /home/ur5/husky_ws/install/husky_description/share/husky_description/meshes/bumper_extension.dae
[1.108s] -- Installing: /home/ur5/husky_ws/install/husky_description/share/husky_description/meshes/user_rail.dae
[1.109s] -- Installing: /home/ur5/husky_ws/install/husky_description/share/husky_description/meshes/bumper.dae
[1.109s] -- Installing: /home/ur5/husky_ws/install/husky_description/share/husky_description/meshes/user_rail.stl
[1.109s] -- Installing: /home/ur5/husky_ws/install/husky_description/share/husky_description/meshes/wheel.stl
[1.111s] -- Installing: /home/ur5/husky_ws/install/husky_description/share/husky_description/meshes/accessories
[1.111s] -- Installing: /home/ur5/husky_ws/install/husky_description/share/husky_description/meshes/accessories/510_mm_sensor_arch.dae
[1.111s] -- Installing: /home/ur5/husky_ws/install/husky_description/share/husky_description/meshes/accessories/lidar_mount.stl
[1.111s] -- Installing: /home/ur5/husky_ws/install/husky_description/share/husky_description/meshes/accessories/510_mm_sensor_arch.stl
[1.111s] -- Installing: /home/ur5/husky_ws/install/husky_description/share/husky_description/meshes/accessories/lms1xx_mount.stl
[1.112s] -- Installing: /home/ur5/husky_ws/install/husky_description/share/husky_description/meshes/accessories/300_mm_sensor_arch.dae
[1.112s] -- Installing: /home/ur5/husky_ws/install/husky_description/share/husky_description/meshes/accessories/300_mm_sensor_arch.stl
[1.112s] -- Installing: /home/ur5/husky_ws/install/husky_description/share/husky_description/meshes/accessories/lms1xx_mount.dae
[1.112s] -- Installing: /home/ur5/husky_ws/install/husky_description/share/husky_description/meshes/base_link.stl
[1.112s] -- Installing: /home/ur5/husky_ws/install/husky_description/share/husky_description/meshes/large_top_plate_collision.stl
[1.113s] -- Installing: /home/ur5/husky_ws/install/husky_description/share/husky_description/urdf
[1.113s] -- Installing: /home/ur5/husky_ws/install/husky_description/share/husky_description/urdf/decorations.urdf.xacro
[1.113s] -- Installing: /home/ur5/husky_ws/install/husky_description/share/husky_description/urdf/husky_macro.urdf.xacro
[1.113s] -- Installing: /home/ur5/husky_ws/install/husky_description/share/husky_description/urdf/empty.urdf
[1.113s] -- Installing: /home/ur5/husky_ws/install/husky_description/share/husky_description/urdf/wheel.urdf.xacro
[1.113s] -- Installing: /home/ur5/husky_ws/install/husky_description/share/husky_description/urdf/husky.urdf.xacro
[1.113s] -- Installing: /home/ur5/husky_ws/install/husky_description/share/husky_description/urdf/accessories
[1.113s] -- Installing: /home/ur5/husky_ws/install/husky_description/share/husky_description/urdf/accessories/sensor_arch.urdf.xacro
[1.114s] -- Installing: /home/ur5/husky_ws/install/husky_description/share/husky_description/urdf/accessories/sick_lms1xx_mount.urdf.xacro
[1.114s] -- Installing: /home/ur5/husky_ws/install/husky_description/share/husky_description/urdf/accessories/intel_realsense.urdf.xacro
[1.114s] -- Installing: /home/ur5/husky_ws/install/husky_description/share/ament_index/resource_index/package_run_dependencies/husky_description
[1.114s] -- Installing: /home/ur5/husky_ws/install/husky_description/share/ament_index/resource_index/parent_prefix_path/husky_description
[1.114s] -- Installing: /home/ur5/husky_ws/install/husky_description/share/husky_description/environment/ament_prefix_path.sh
[1.114s] -- Installing: /home/ur5/husky_ws/install/husky_description/share/husky_description/environment/ament_prefix_path.dsv
[1.114s] -- Installing: /home/ur5/husky_ws/install/husky_description/share/husky_description/environment/path.sh
[1.115s] -- Installing: /home/ur5/husky_ws/install/husky_description/share/husky_description/environment/path.dsv
[1.115s] -- Installing: /home/ur5/husky_ws/install/husky_description/share/husky_description/local_setup.bash
[1.115s] -- Installing: /home/ur5/husky_ws/install/husky_description/share/husky_description/local_setup.sh
[1.115s] -- Installing: /home/ur5/husky_ws/install/husky_description/share/husky_description/local_setup.zsh
[1.115s] -- Installing: /home/ur5/husky_ws/install/husky_description/share/husky_description/local_setup.dsv
[1.115s] -- Installing: /home/ur5/husky_ws/install/husky_description/share/husky_description/package.dsv
[1.115s] -- Installing: /home/ur5/husky_ws/install/husky_description/share/ament_index/resource_index/packages/husky_description
[1.115s] -- Installing: /home/ur5/husky_ws/install/husky_description/share/husky_description/cmake/ament_cmake_export_dependencies-extras.cmake
[1.116s] -- Installing: /home/ur5/husky_ws/install/husky_description/share/husky_description/cmake/husky_descriptionConfig.cmake
[1.116s] -- Installing: /home/ur5/husky_ws/install/husky_description/share/husky_description/cmake/husky_descriptionConfig-version.cmake
[1.116s] -- Installing: /home/ur5/husky_ws/install/husky_description/share/husky_description/package.xml
[1.118s] Invoked command in '/home/ur5/husky_ws/build/husky_description' returned '0': CMAKE_PREFIX_PATH=${CMAKE_PREFIX_PATH}:/home/ur5/rg2_ws/install/gripper_control:/home/ur5/ur5_ws/install/solution:/home/ur5/ur5_ws/install/projectur5:/home/ur5/ur5_ws/install/projectUR5:/home/ur5/ur5_ws/install/my_package:/home/ur5/ur5_ws/install/kinematics:/home/ur5/workspace/ros2_kortex_ws/install/rqt_joint_trajectory_controller:/home/ur5/workspace/ros2_kortex_ws/install/rqt_controller_manager:/home/ur5/workspace/ros2_kortex_ws/install/ros2controlcli:/home/ur5/workspace/ros2_kortex_ws/install/ros2_controllers_test_nodes /usr/bin/cmake --install /home/ur5/husky_ws/build/husky_description
