[0.016s] Invoking command in '/home/ur5/husky_ws/build/husky_msgs': CMAKE_PREFIX_PATH=${CMAKE_PREFIX_PATH}:/home/ur5/rg2_ws/install/gripper_control:/home/ur5/ur5_ws/install/solution:/home/ur5/ur5_ws/install/projectur5:/home/ur5/ur5_ws/install/projectUR5:/home/ur5/ur5_ws/install/my_package:/home/ur5/ur5_ws/install/kinematics:/home/ur5/workspace/ros2_kortex_ws/install/rqt_joint_trajectory_controller:/home/ur5/workspace/ros2_kortex_ws/install/rqt_controller_manager:/home/ur5/workspace/ros2_kortex_ws/install/ros2controlcli:/home/ur5/workspace/ros2_kortex_ws/install/ros2_controllers_test_nodes /usr/bin/cmake --build /home/ur5/husky_ws/build/husky_msgs -- -j12 -l12
[0.068s] [35m[1mConsolidate compiler generated dependencies of target husky_msgs__rosidl_generator_c[0m
[0.082s] [  3%] Built target husky_msgs__cpp
[0.084s] [ 12%] Built target husky_msgs__rosidl_generator_c
[0.097s] [ 12%] Built target ament_cmake_python_copy_husky_msgs
[0.099s] [35m[1mConsolidate compiler generated dependencies of target husky_msgs__rosidl_typesupport_cpp[0m
[0.099s] [35m[1mConsolidate compiler generated dependencies of target husky_msgs__rosidl_typesupport_fastrtps_cpp[0m
[0.102s] [35m[1mConsolidate compiler generated dependencies of target husky_msgs__rosidl_typesupport_introspection_c[0m
[0.104s] [35m[1mConsolidate compiler generated dependencies of target husky_msgs__rosidl_typesupport_introspection_cpp[0m
[0.105s] [35m[1mConsolidate compiler generated dependencies of target husky_msgs__rosidl_typesupport_c[0m
[0.105s] [35m[1mConsolidate compiler generated dependencies of target husky_msgs__rosidl_typesupport_fastrtps_c[0m
[0.115s] [ 22%] Built target husky_msgs__rosidl_typesupport_cpp
[0.116s] [ 32%] Built target husky_msgs__rosidl_typesupport_fastrtps_cpp
[0.121s] [ 41%] Built target husky_msgs__rosidl_typesupport_introspection_c
[0.124s] [ 51%] Built target husky_msgs__rosidl_typesupport_c
[0.127s] [ 61%] Built target husky_msgs__rosidl_typesupport_fastrtps_c
[0.128s] [ 70%] Built target husky_msgs__rosidl_typesupport_introspection_cpp
[0.158s] [ 70%] Built target husky_msgs
[0.189s] [ 74%] Built target husky_msgs__py
[0.205s] [35m[1mConsolidate compiler generated dependencies of target husky_msgs__rosidl_generator_py[0m
[0.223s] [ 80%] Built target husky_msgs__rosidl_generator_py
[0.238s] [35m[1mConsolidate compiler generated dependencies of target husky_msgs__rosidl_typesupport_introspection_c__pyext[0m
[0.238s] [35m[1mConsolidate compiler generated dependencies of target husky_msgs__rosidl_typesupport_c__pyext[0m
[0.238s] [35m[1mConsolidate compiler generated dependencies of target husky_msgs__rosidl_typesupport_fastrtps_c__pyext[0m
[0.256s] [100%] Built target husky_msgs__rosidl_typesupport_fastrtps_c__pyext
[0.256s] [100%] Built target husky_msgs__rosidl_typesupport_c__pyext
[0.256s] [100%] Built target husky_msgs__rosidl_typesupport_introspection_c__pyext
[0.365s] running egg_info
[0.365s] writing husky_msgs.egg-info/PKG-INFO
[0.365s] writing dependency_links to husky_msgs.egg-info/dependency_links.txt
[0.366s] writing top-level names to husky_msgs.egg-info/top_level.txt
[0.367s] reading manifest file 'husky_msgs.egg-info/SOURCES.txt'
[0.368s] writing manifest file 'husky_msgs.egg-info/SOURCES.txt'
[0.393s] [100%] Built target ament_cmake_python_build_husky_msgs_egg
[0.410s] Invoked command in '/home/ur5/husky_ws/build/husky_msgs' returned '0': CMAKE_PREFIX_PATH=${CMAKE_PREFIX_PATH}:/home/ur5/rg2_ws/install/gripper_control:/home/ur5/ur5_ws/install/solution:/home/ur5/ur5_ws/install/projectur5:/home/ur5/ur5_ws/install/projectUR5:/home/ur5/ur5_ws/install/my_package:/home/ur5/ur5_ws/install/kinematics:/home/ur5/workspace/ros2_kortex_ws/install/rqt_joint_trajectory_controller:/home/ur5/workspace/ros2_kortex_ws/install/rqt_controller_manager:/home/ur5/workspace/ros2_kortex_ws/install/ros2controlcli:/home/ur5/workspace/ros2_kortex_ws/install/ros2_controllers_test_nodes /usr/bin/cmake --build /home/ur5/husky_ws/build/husky_msgs -- -j12 -l12
[0.411s] Invoking command in '/home/ur5/husky_ws/build/husky_msgs': CMAKE_PREFIX_PATH=${CMAKE_PREFIX_PATH}:/home/ur5/rg2_ws/install/gripper_control:/home/ur5/ur5_ws/install/solution:/home/ur5/ur5_ws/install/projectur5:/home/ur5/ur5_ws/install/projectUR5:/home/ur5/ur5_ws/install/my_package:/home/ur5/ur5_ws/install/kinematics:/home/ur5/workspace/ros2_kortex_ws/install/rqt_joint_trajectory_controller:/home/ur5/workspace/ros2_kortex_ws/install/rqt_controller_manager:/home/ur5/workspace/ros2_kortex_ws/install/ros2controlcli:/home/ur5/workspace/ros2_kortex_ws/install/ros2_controllers_test_nodes /usr/bin/cmake --install /home/ur5/husky_ws/build/husky_msgs
[0.422s] -- Install configuration: ""
[0.423s] -- Up-to-date: /home/ur5/husky_ws/install/husky_msgs/share/ament_index/resource_index/rosidl_interfaces/husky_msgs
[0.423s] -- Up-to-date: /home/ur5/husky_ws/install/husky_msgs/include/husky_msgs/husky_msgs
[0.423s] -- Up-to-date: /home/ur5/husky_ws/install/husky_msgs/include/husky_msgs/husky_msgs/msg
[0.423s] -- Up-to-date: /home/ur5/husky_ws/install/husky_msgs/include/husky_msgs/husky_msgs/msg/husky_status.h
[0.423s] -- Up-to-date: /home/ur5/husky_ws/install/husky_msgs/include/husky_msgs/husky_msgs/msg/rosidl_generator_c__visibility_control.h
[0.423s] -- Up-to-date: /home/ur5/husky_ws/install/husky_msgs/include/husky_msgs/husky_msgs/msg/detail
[0.423s] -- Up-to-date: /home/ur5/husky_ws/install/husky_msgs/include/husky_msgs/husky_msgs/msg/detail/husky_status__type_support.h
[0.423s] -- Up-to-date: /home/ur5/husky_ws/install/husky_msgs/include/husky_msgs/husky_msgs/msg/detail/husky_status__functions.c
[0.423s] -- Up-to-date: /home/ur5/husky_ws/install/husky_msgs/include/husky_msgs/husky_msgs/msg/detail/husky_status__struct.h
[0.423s] -- Up-to-date: /home/ur5/husky_ws/install/husky_msgs/include/husky_msgs/husky_msgs/msg/detail/husky_status__functions.h
[0.423s] -- Up-to-date: /home/ur5/husky_ws/install/husky_msgs/share/husky_msgs/environment/library_path.sh
[0.423s] -- Up-to-date: /home/ur5/husky_ws/install/husky_msgs/share/husky_msgs/environment/library_path.dsv
[0.423s] -- Up-to-date: /home/ur5/husky_ws/install/husky_msgs/lib/libhusky_msgs__rosidl_generator_c.so
[0.423s] -- Up-to-date: /home/ur5/husky_ws/install/husky_msgs/include/husky_msgs/husky_msgs
[0.423s] -- Up-to-date: /home/ur5/husky_ws/install/husky_msgs/include/husky_msgs/husky_msgs/msg
[0.424s] -- Up-to-date: /home/ur5/husky_ws/install/husky_msgs/include/husky_msgs/husky_msgs/msg/rosidl_typesupport_fastrtps_c__visibility_control.h
[0.424s] -- Up-to-date: /home/ur5/husky_ws/install/husky_msgs/include/husky_msgs/husky_msgs/msg/detail
[0.424s] -- Up-to-date: /home/ur5/husky_ws/install/husky_msgs/include/husky_msgs/husky_msgs/msg/detail/husky_status__rosidl_typesupport_fastrtps_c.h
[0.424s] -- Up-to-date: /home/ur5/husky_ws/install/husky_msgs/lib/libhusky_msgs__rosidl_typesupport_fastrtps_c.so
[0.424s] -- Up-to-date: /home/ur5/husky_ws/install/husky_msgs/include/husky_msgs/husky_msgs
[0.424s] -- Up-to-date: /home/ur5/husky_ws/install/husky_msgs/include/husky_msgs/husky_msgs/msg
[0.424s] -- Up-to-date: /home/ur5/husky_ws/install/husky_msgs/include/husky_msgs/husky_msgs/msg/rosidl_generator_cpp__visibility_control.hpp
[0.424s] -- Up-to-date: /home/ur5/husky_ws/install/husky_msgs/include/husky_msgs/husky_msgs/msg/husky_status.hpp
[0.424s] -- Up-to-date: /home/ur5/husky_ws/install/husky_msgs/include/husky_msgs/husky_msgs/msg/detail
[0.424s] -- Up-to-date: /home/ur5/husky_ws/install/husky_msgs/include/husky_msgs/husky_msgs/msg/detail/husky_status__traits.hpp
[0.424s] -- Up-to-date: /home/ur5/husky_ws/install/husky_msgs/include/husky_msgs/husky_msgs/msg/detail/husky_status__builder.hpp
[0.424s] -- Up-to-date: /home/ur5/husky_ws/install/husky_msgs/include/husky_msgs/husky_msgs/msg/detail/husky_status__type_support.hpp
[0.424s] -- Up-to-date: /home/ur5/husky_ws/install/husky_msgs/include/husky_msgs/husky_msgs/msg/detail/husky_status__struct.hpp
[0.424s] -- Up-to-date: /home/ur5/husky_ws/install/husky_msgs/include/husky_msgs/husky_msgs
[0.424s] -- Up-to-date: /home/ur5/husky_ws/install/husky_msgs/include/husky_msgs/husky_msgs/msg
[0.424s] -- Up-to-date: /home/ur5/husky_ws/install/husky_msgs/include/husky_msgs/husky_msgs/msg/rosidl_typesupport_fastrtps_cpp__visibility_control.h
[0.424s] -- Up-to-date: /home/ur5/husky_ws/install/husky_msgs/include/husky_msgs/husky_msgs/msg/detail
[0.424s] -- Up-to-date: /home/ur5/husky_ws/install/husky_msgs/include/husky_msgs/husky_msgs/msg/detail/dds_fastrtps
[0.424s] -- Up-to-date: /home/ur5/husky_ws/install/husky_msgs/include/husky_msgs/husky_msgs/msg/detail/husky_status__rosidl_typesupport_fastrtps_cpp.hpp
[0.424s] -- Up-to-date: /home/ur5/husky_ws/install/husky_msgs/lib/libhusky_msgs__rosidl_typesupport_fastrtps_cpp.so
[0.425s] -- Up-to-date: /home/ur5/husky_ws/install/husky_msgs/include/husky_msgs/husky_msgs
[0.425s] -- Up-to-date: /home/ur5/husky_ws/install/husky_msgs/include/husky_msgs/husky_msgs/msg
[0.425s] -- Up-to-date: /home/ur5/husky_ws/install/husky_msgs/include/husky_msgs/husky_msgs/msg/rosidl_typesupport_introspection_c__visibility_control.h
[0.425s] -- Up-to-date: /home/ur5/husky_ws/install/husky_msgs/include/husky_msgs/husky_msgs/msg/detail
[0.425s] -- Up-to-date: /home/ur5/husky_ws/install/husky_msgs/include/husky_msgs/husky_msgs/msg/detail/husky_status__type_support.c
[0.425s] -- Up-to-date: /home/ur5/husky_ws/install/husky_msgs/include/husky_msgs/husky_msgs/msg/detail/husky_status__rosidl_typesupport_introspection_c.h
[0.425s] -- Up-to-date: /home/ur5/husky_ws/install/husky_msgs/lib/libhusky_msgs__rosidl_typesupport_introspection_c.so
[0.425s] -- Up-to-date: /home/ur5/husky_ws/install/husky_msgs/lib/libhusky_msgs__rosidl_typesupport_c.so
[0.425s] -- Up-to-date: /home/ur5/husky_ws/install/husky_msgs/include/husky_msgs/husky_msgs
[0.425s] -- Up-to-date: /home/ur5/husky_ws/install/husky_msgs/include/husky_msgs/husky_msgs/msg
[0.425s] -- Up-to-date: /home/ur5/husky_ws/install/husky_msgs/include/husky_msgs/husky_msgs/msg/detail
[0.425s] -- Up-to-date: /home/ur5/husky_ws/install/husky_msgs/include/husky_msgs/husky_msgs/msg/detail/husky_status__rosidl_typesupport_introspection_cpp.hpp
[0.425s] -- Up-to-date: /home/ur5/husky_ws/install/husky_msgs/include/husky_msgs/husky_msgs/msg/detail/husky_status__type_support.cpp
[0.425s] -- Up-to-date: /home/ur5/husky_ws/install/husky_msgs/lib/libhusky_msgs__rosidl_typesupport_introspection_cpp.so
[0.425s] -- Up-to-date: /home/ur5/husky_ws/install/husky_msgs/lib/libhusky_msgs__rosidl_typesupport_cpp.so
[0.425s] -- Up-to-date: /home/ur5/husky_ws/install/husky_msgs/share/husky_msgs/environment/pythonpath.sh
[0.425s] -- Up-to-date: /home/ur5/husky_ws/install/husky_msgs/share/husky_msgs/environment/pythonpath.dsv
[0.425s] -- Up-to-date: /home/ur5/husky_ws/install/husky_msgs/local/lib/python3.10/dist-packages/husky_msgs-1.0.8-py3.10.egg-info
[0.425s] -- Installing: /home/ur5/husky_ws/install/husky_msgs/local/lib/python3.10/dist-packages/husky_msgs-1.0.8-py3.10.egg-info/dependency_links.txt
[0.426s] -- Installing: /home/ur5/husky_ws/install/husky_msgs/local/lib/python3.10/dist-packages/husky_msgs-1.0.8-py3.10.egg-info/SOURCES.txt
[0.426s] -- Installing: /home/ur5/husky_ws/install/husky_msgs/local/lib/python3.10/dist-packages/husky_msgs-1.0.8-py3.10.egg-info/PKG-INFO
[0.426s] -- Installing: /home/ur5/husky_ws/install/husky_msgs/local/lib/python3.10/dist-packages/husky_msgs-1.0.8-py3.10.egg-info/top_level.txt
[0.426s] -- Up-to-date: /home/ur5/husky_ws/install/husky_msgs/local/lib/python3.10/dist-packages/husky_msgs
[0.426s] -- Up-to-date: /home/ur5/husky_ws/install/husky_msgs/local/lib/python3.10/dist-packages/husky_msgs/libhusky_msgs__rosidl_generator_py.so
[0.426s] -- Up-to-date: /home/ur5/husky_ws/install/husky_msgs/local/lib/python3.10/dist-packages/husky_msgs/msg
[0.426s] -- Up-to-date: /home/ur5/husky_ws/install/husky_msgs/local/lib/python3.10/dist-packages/husky_msgs/msg/_husky_status.py
[0.426s] -- Up-to-date: /home/ur5/husky_ws/install/husky_msgs/local/lib/python3.10/dist-packages/husky_msgs/msg/__init__.py
[0.426s] -- Up-to-date: /home/ur5/husky_ws/install/husky_msgs/local/lib/python3.10/dist-packages/husky_msgs/msg/_husky_status_s.c
[0.426s] -- Up-to-date: /home/ur5/husky_ws/install/husky_msgs/local/lib/python3.10/dist-packages/husky_msgs/_husky_msgs_s.ep.rosidl_typesupport_introspection_c.c
[0.426s] -- Up-to-date: /home/ur5/husky_ws/install/husky_msgs/local/lib/python3.10/dist-packages/husky_msgs/_husky_msgs_s.ep.rosidl_typesupport_c.c
[0.426s] -- Up-to-date: /home/ur5/husky_ws/install/husky_msgs/local/lib/python3.10/dist-packages/husky_msgs/husky_msgs_s__rosidl_typesupport_introspection_c.cpython-310-x86_64-linux-gnu.so
[0.426s] -- Up-to-date: /home/ur5/husky_ws/install/husky_msgs/local/lib/python3.10/dist-packages/husky_msgs/__init__.py
[0.426s] -- Up-to-date: /home/ur5/husky_ws/install/husky_msgs/local/lib/python3.10/dist-packages/husky_msgs/_husky_msgs_s.ep.rosidl_typesupport_fastrtps_c.c
[0.426s] -- Up-to-date: /home/ur5/husky_ws/install/husky_msgs/local/lib/python3.10/dist-packages/husky_msgs/husky_msgs_s__rosidl_typesupport_fastrtps_c.cpython-310-x86_64-linux-gnu.so
[0.427s] -- Up-to-date: /home/ur5/husky_ws/install/husky_msgs/local/lib/python3.10/dist-packages/husky_msgs/husky_msgs_s__rosidl_typesupport_c.cpython-310-x86_64-linux-gnu.so
[0.462s] Listing '/home/ur5/husky_ws/install/husky_msgs/local/lib/python3.10/dist-packages/husky_msgs'...
[0.462s] Listing '/home/ur5/husky_ws/install/husky_msgs/local/lib/python3.10/dist-packages/husky_msgs/msg'...
[0.465s] -- Up-to-date: /home/ur5/husky_ws/install/husky_msgs/local/lib/python3.10/dist-packages/husky_msgs/husky_msgs_s__rosidl_typesupport_fastrtps_c.cpython-310-x86_64-linux-gnu.so
[0.466s] -- Up-to-date: /home/ur5/husky_ws/install/husky_msgs/local/lib/python3.10/dist-packages/husky_msgs/husky_msgs_s__rosidl_typesupport_introspection_c.cpython-310-x86_64-linux-gnu.so
[0.466s] -- Up-to-date: /home/ur5/husky_ws/install/husky_msgs/local/lib/python3.10/dist-packages/husky_msgs/husky_msgs_s__rosidl_typesupport_c.cpython-310-x86_64-linux-gnu.so
[0.466s] -- Up-to-date: /home/ur5/husky_ws/install/husky_msgs/lib/libhusky_msgs__rosidl_generator_py.so
[0.466s] -- Up-to-date: /home/ur5/husky_ws/install/husky_msgs/share/husky_msgs/msg/HuskyStatus.idl
[0.467s] -- Up-to-date: /home/ur5/husky_ws/install/husky_msgs/share/husky_msgs/msg/HuskyStatus.msg
[0.467s] -- Up-to-date: /home/ur5/husky_ws/install/husky_msgs/share/ament_index/resource_index/package_run_dependencies/husky_msgs
[0.467s] -- Up-to-date: /home/ur5/husky_ws/install/husky_msgs/share/ament_index/resource_index/parent_prefix_path/husky_msgs
[0.467s] -- Up-to-date: /home/ur5/husky_ws/install/husky_msgs/share/husky_msgs/environment/ament_prefix_path.sh
[0.467s] -- Up-to-date: /home/ur5/husky_ws/install/husky_msgs/share/husky_msgs/environment/ament_prefix_path.dsv
[0.467s] -- Up-to-date: /home/ur5/husky_ws/install/husky_msgs/share/husky_msgs/environment/path.sh
[0.467s] -- Up-to-date: /home/ur5/husky_ws/install/husky_msgs/share/husky_msgs/environment/path.dsv
[0.467s] -- Up-to-date: /home/ur5/husky_ws/install/husky_msgs/share/husky_msgs/local_setup.bash
[0.467s] -- Up-to-date: /home/ur5/husky_ws/install/husky_msgs/share/husky_msgs/local_setup.sh
[0.467s] -- Up-to-date: /home/ur5/husky_ws/install/husky_msgs/share/husky_msgs/local_setup.zsh
[0.467s] -- Up-to-date: /home/ur5/husky_ws/install/husky_msgs/share/husky_msgs/local_setup.dsv
[0.467s] -- Installing: /home/ur5/husky_ws/install/husky_msgs/share/husky_msgs/package.dsv
[0.467s] -- Up-to-date: /home/ur5/husky_ws/install/husky_msgs/share/ament_index/resource_index/packages/husky_msgs
[0.467s] -- Up-to-date: /home/ur5/husky_ws/install/husky_msgs/share/husky_msgs/cmake/export_husky_msgs__rosidl_generator_cExport.cmake
[0.467s] -- Up-to-date: /home/ur5/husky_ws/install/husky_msgs/share/husky_msgs/cmake/export_husky_msgs__rosidl_generator_cExport-noconfig.cmake
[0.468s] -- Up-to-date: /home/ur5/husky_ws/install/husky_msgs/share/husky_msgs/cmake/export_husky_msgs__rosidl_typesupport_fastrtps_cExport.cmake
[0.468s] -- Up-to-date: /home/ur5/husky_ws/install/husky_msgs/share/husky_msgs/cmake/export_husky_msgs__rosidl_typesupport_fastrtps_cExport-noconfig.cmake
[0.468s] -- Up-to-date: /home/ur5/husky_ws/install/husky_msgs/share/husky_msgs/cmake/export_husky_msgs__rosidl_generator_cppExport.cmake
[0.468s] -- Up-to-date: /home/ur5/husky_ws/install/husky_msgs/share/husky_msgs/cmake/export_husky_msgs__rosidl_typesupport_fastrtps_cppExport.cmake
[0.468s] -- Up-to-date: /home/ur5/husky_ws/install/husky_msgs/share/husky_msgs/cmake/export_husky_msgs__rosidl_typesupport_fastrtps_cppExport-noconfig.cmake
[0.468s] -- Up-to-date: /home/ur5/husky_ws/install/husky_msgs/share/husky_msgs/cmake/husky_msgs__rosidl_typesupport_introspection_cExport.cmake
[0.468s] -- Up-to-date: /home/ur5/husky_ws/install/husky_msgs/share/husky_msgs/cmake/husky_msgs__rosidl_typesupport_introspection_cExport-noconfig.cmake
[0.468s] -- Up-to-date: /home/ur5/husky_ws/install/husky_msgs/share/husky_msgs/cmake/husky_msgs__rosidl_typesupport_cExport.cmake
[0.468s] -- Up-to-date: /home/ur5/husky_ws/install/husky_msgs/share/husky_msgs/cmake/husky_msgs__rosidl_typesupport_cExport-noconfig.cmake
[0.468s] -- Up-to-date: /home/ur5/husky_ws/install/husky_msgs/share/husky_msgs/cmake/husky_msgs__rosidl_typesupport_introspection_cppExport.cmake
[0.468s] -- Up-to-date: /home/ur5/husky_ws/install/husky_msgs/share/husky_msgs/cmake/husky_msgs__rosidl_typesupport_introspection_cppExport-noconfig.cmake
[0.468s] -- Up-to-date: /home/ur5/husky_ws/install/husky_msgs/share/husky_msgs/cmake/husky_msgs__rosidl_typesupport_cppExport.cmake
[0.468s] -- Up-to-date: /home/ur5/husky_ws/install/husky_msgs/share/husky_msgs/cmake/husky_msgs__rosidl_typesupport_cppExport-noconfig.cmake
[0.468s] -- Up-to-date: /home/ur5/husky_ws/install/husky_msgs/share/husky_msgs/cmake/export_husky_msgs__rosidl_generator_pyExport.cmake
[0.468s] -- Up-to-date: /home/ur5/husky_ws/install/husky_msgs/share/husky_msgs/cmake/export_husky_msgs__rosidl_generator_pyExport-noconfig.cmake
[0.468s] -- Up-to-date: /home/ur5/husky_ws/install/husky_msgs/share/husky_msgs/cmake/rosidl_cmake-extras.cmake
[0.468s] -- Up-to-date: /home/ur5/husky_ws/install/husky_msgs/share/husky_msgs/cmake/ament_cmake_export_dependencies-extras.cmake
[0.468s] -- Up-to-date: /home/ur5/husky_ws/install/husky_msgs/share/husky_msgs/cmake/ament_cmake_export_include_directories-extras.cmake
[0.469s] -- Up-to-date: /home/ur5/husky_ws/install/husky_msgs/share/husky_msgs/cmake/ament_cmake_export_libraries-extras.cmake
[0.469s] -- Up-to-date: /home/ur5/husky_ws/install/husky_msgs/share/husky_msgs/cmake/ament_cmake_export_targets-extras.cmake
[0.469s] -- Up-to-date: /home/ur5/husky_ws/install/husky_msgs/share/husky_msgs/cmake/rosidl_cmake_export_typesupport_targets-extras.cmake
[0.469s] -- Up-to-date: /home/ur5/husky_ws/install/husky_msgs/share/husky_msgs/cmake/rosidl_cmake_export_typesupport_libraries-extras.cmake
[0.469s] -- Up-to-date: /home/ur5/husky_ws/install/husky_msgs/share/husky_msgs/cmake/husky_msgsConfig.cmake
[0.469s] -- Up-to-date: /home/ur5/husky_ws/install/husky_msgs/share/husky_msgs/cmake/husky_msgsConfig-version.cmake
[0.469s] -- Up-to-date: /home/ur5/husky_ws/install/husky_msgs/share/husky_msgs/package.xml
[0.470s] Invoked command in '/home/ur5/husky_ws/build/husky_msgs' returned '0': CMAKE_PREFIX_PATH=${CMAKE_PREFIX_PATH}:/home/ur5/rg2_ws/install/gripper_control:/home/ur5/ur5_ws/install/solution:/home/ur5/ur5_ws/install/projectur5:/home/ur5/ur5_ws/install/projectUR5:/home/ur5/ur5_ws/install/my_package:/home/ur5/ur5_ws/install/kinematics:/home/ur5/workspace/ros2_kortex_ws/install/rqt_joint_trajectory_controller:/home/ur5/workspace/ros2_kortex_ws/install/rqt_controller_manager:/home/ur5/workspace/ros2_kortex_ws/install/ros2controlcli:/home/ur5/workspace/ros2_kortex_ws/install/ros2_controllers_test_nodes /usr/bin/cmake --install /home/ur5/husky_ws/build/husky_msgs
