[0.051s] Invoking command in '/home/ur5/husky_ws/build/husky_description': CMAKE_PREFIX_PATH=${CMAKE_PREFIX_PATH}:/home/ur5/husky_ws/install/dynamic_obs:/home/ur5/rg2_ws/install/gripper_control:/home/ur5/rosbot_ws/install/rosbot_utils:/home/ur5/rosbot_ws/install/rosbot_gazebo:/home/ur5/rosbot_ws/install/rosbot_bringup:/home/ur5/rosbot_ws/install/rosbot_controller:/home/ur5/ur5_ws/install/solution:/home/ur5/ur5_ws/install/projectur5:/home/ur5/ur5_ws/install/projectUR5:/home/ur5/ur5_ws/install/my_package:/home/ur5/ur5_ws/install/kinematics:/home/ur5/workspace/ros2_kortex_ws/install/rqt_joint_trajectory_controller:/home/ur5/workspace/ros2_kortex_ws/install/rqt_controller_manager:/home/ur5/workspace/ros2_kortex_ws/install/ros2controlcli:/home/ur5/workspace/ros2_kortex_ws/install/ros2_controllers_test_nodes /usr/bin/cmake --build /home/ur5/husky_ws/build/husky_description -- -j12 -l12
[0.351s] Invoked command in '/home/ur5/husky_ws/build/husky_description' returned '0': CMAKE_PREFIX_PATH=${CMAKE_PREFIX_PATH}:/home/ur5/husky_ws/install/dynamic_obs:/home/ur5/rg2_ws/install/gripper_control:/home/ur5/rosbot_ws/install/rosbot_utils:/home/ur5/rosbot_ws/install/rosbot_gazebo:/home/ur5/rosbot_ws/install/rosbot_bringup:/home/ur5/rosbot_ws/install/rosbot_controller:/home/ur5/ur5_ws/install/solution:/home/ur5/ur5_ws/install/projectur5:/home/ur5/ur5_ws/install/projectUR5:/home/ur5/ur5_ws/install/my_package:/home/ur5/ur5_ws/install/kinematics:/home/ur5/workspace/ros2_kortex_ws/install/rqt_joint_trajectory_controller:/home/ur5/workspace/ros2_kortex_ws/install/rqt_controller_manager:/home/ur5/workspace/ros2_kortex_ws/install/ros2controlcli:/home/ur5/workspace/ros2_kortex_ws/install/ros2_controllers_test_nodes /usr/bin/cmake --build /home/ur5/husky_ws/build/husky_description -- -j12 -l12
[0.370s] Invoking command in '/home/ur5/husky_ws/build/husky_description': CMAKE_PREFIX_PATH=${CMAKE_PREFIX_PATH}:/home/ur5/husky_ws/install/dynamic_obs:/home/ur5/rg2_ws/install/gripper_control:/home/ur5/rosbot_ws/install/rosbot_utils:/home/ur5/rosbot_ws/install/rosbot_gazebo:/home/ur5/rosbot_ws/install/rosbot_bringup:/home/ur5/rosbot_ws/install/rosbot_controller:/home/ur5/ur5_ws/install/solution:/home/ur5/ur5_ws/install/projectur5:/home/ur5/ur5_ws/install/projectUR5:/home/ur5/ur5_ws/install/my_package:/home/ur5/ur5_ws/install/kinematics:/home/ur5/workspace/ros2_kortex_ws/install/rqt_joint_trajectory_controller:/home/ur5/workspace/ros2_kortex_ws/install/rqt_controller_manager:/home/ur5/workspace/ros2_kortex_ws/install/ros2controlcli:/home/ur5/workspace/ros2_kortex_ws/install/ros2_controllers_test_nodes /usr/bin/cmake --install /home/ur5/husky_ws/build/husky_description
[0.388s] -- Install configuration: ""
[0.389s] -- Up-to-date: /home/ur5/husky_ws/install/husky_description/share/husky_description/launch
[0.389s] -- Up-to-date: /home/ur5/husky_ws/install/husky_description/share/husky_description/launch/description_launch.py
[0.389s] -- Up-to-date: /home/ur5/husky_ws/install/husky_description/share/husky_description/launch/description.launch
[0.389s] -- Up-to-date: /home/ur5/husky_ws/install/husky_description/share/husky_description/meshes
[0.389s] -- Up-to-date: /home/ur5/husky_ws/install/husky_description/share/husky_description/meshes/top_chassis.stl
[0.389s] -- Up-to-date: /home/ur5/husky_ws/install/husky_description/share/husky_description/meshes/wheel.dae
[0.389s] -- Up-to-date: /home/ur5/husky_ws/install/husky_description/share/husky_description/meshes/top_chassis.dae
[0.389s] -- Up-to-date: /home/ur5/husky_ws/install/husky_description/share/husky_description/meshes/large_top_plate.dae
[0.389s] -- Up-to-date: /home/ur5/husky_ws/install/husky_description/share/husky_description/meshes/top_plate.dae
[0.390s] -- Up-to-date: /home/ur5/husky_ws/install/husky_description/share/husky_description/meshes/top_plate.stl
[0.390s] -- Up-to-date: /home/ur5/husky_ws/install/husky_description/share/husky_description/meshes/base_link.dae
[0.390s] -- Up-to-date: /home/ur5/husky_ws/install/husky_description/share/husky_description/meshes/sick-lms1xx.dae
[0.390s] -- Up-to-date: /home/ur5/husky_ws/install/husky_description/share/husky_description/meshes/bumper_extension.dae
[0.390s] -- Up-to-date: /home/ur5/husky_ws/install/husky_description/share/husky_description/meshes/user_rail.dae
[0.390s] -- Up-to-date: /home/ur5/husky_ws/install/husky_description/share/husky_description/meshes/bumper.dae
[0.390s] -- Up-to-date: /home/ur5/husky_ws/install/husky_description/share/husky_description/meshes/user_rail.stl
[0.390s] -- Up-to-date: /home/ur5/husky_ws/install/husky_description/share/husky_description/meshes/sick-lms1xx.stl
[0.390s] -- Up-to-date: /home/ur5/husky_ws/install/husky_description/share/husky_description/meshes/wheel.stl
[0.390s] -- Up-to-date: /home/ur5/husky_ws/install/husky_description/share/husky_description/meshes/accessories
[0.391s] -- Up-to-date: /home/ur5/husky_ws/install/husky_description/share/husky_description/meshes/accessories/510_mm_sensor_arch.dae
[0.391s] -- Up-to-date: /home/ur5/husky_ws/install/husky_description/share/husky_description/meshes/accessories/lidar_mount.stl
[0.391s] -- Up-to-date: /home/ur5/husky_ws/install/husky_description/share/husky_description/meshes/accessories/510_mm_sensor_arch.stl
[0.391s] -- Up-to-date: /home/ur5/husky_ws/install/husky_description/share/husky_description/meshes/accessories/lms1xx_mount.stl
[0.391s] -- Up-to-date: /home/ur5/husky_ws/install/husky_description/share/husky_description/meshes/accessories/300_mm_sensor_arch.dae
[0.391s] -- Up-to-date: /home/ur5/husky_ws/install/husky_description/share/husky_description/meshes/accessories/300_mm_sensor_arch.stl
[0.391s] -- Up-to-date: /home/ur5/husky_ws/install/husky_description/share/husky_description/meshes/accessories/lms1xx_mount.dae
[0.391s] -- Up-to-date: /home/ur5/husky_ws/install/husky_description/share/husky_description/meshes/base_link.stl
[0.391s] -- Up-to-date: /home/ur5/husky_ws/install/husky_description/share/husky_description/meshes/large_top_plate_collision.stl
[0.391s] -- Up-to-date: /home/ur5/husky_ws/install/husky_description/share/husky_description/urdf
[0.391s] -- Up-to-date: /home/ur5/husky_ws/install/husky_description/share/husky_description/urdf/sick_lms1xx.urdf.xacro
[0.391s] -- Up-to-date: /home/ur5/husky_ws/install/husky_description/share/husky_description/urdf/decorations.urdf.xacro
[0.392s] -- Up-to-date: /home/ur5/husky_ws/install/husky_description/share/husky_description/urdf/husky_macro.urdf.xacro
[0.392s] -- Up-to-date: /home/ur5/husky_ws/install/husky_description/share/husky_description/urdf/empty.urdf
[0.392s] -- Up-to-date: /home/ur5/husky_ws/install/husky_description/share/husky_description/urdf/wheel.urdf.xacro
[0.392s] -- Up-to-date: /home/ur5/husky_ws/install/husky_description/share/husky_description/urdf/husky.urdf.xacro
[0.392s] -- Up-to-date: /home/ur5/husky_ws/install/husky_description/share/husky_description/urdf/accessories
[0.392s] -- Up-to-date: /home/ur5/husky_ws/install/husky_description/share/husky_description/urdf/accessories/sensor_arch.urdf.xacro
[0.392s] -- Up-to-date: /home/ur5/husky_ws/install/husky_description/share/husky_description/urdf/accessories/sick_lms1xx_mount.urdf.xacro
[0.393s] -- Up-to-date: /home/ur5/husky_ws/install/husky_description/share/husky_description/urdf/accessories/intel_realsense.urdf.xacro
[0.393s] -- Up-to-date: /home/ur5/husky_ws/install/husky_description/share/ament_index/resource_index/package_run_dependencies/husky_description
[0.393s] -- Up-to-date: /home/ur5/husky_ws/install/husky_description/share/ament_index/resource_index/parent_prefix_path/husky_description
[0.393s] -- Up-to-date: /home/ur5/husky_ws/install/husky_description/share/husky_description/environment/ament_prefix_path.sh
[0.393s] -- Up-to-date: /home/ur5/husky_ws/install/husky_description/share/husky_description/environment/ament_prefix_path.dsv
[0.393s] -- Up-to-date: /home/ur5/husky_ws/install/husky_description/share/husky_description/environment/path.sh
[0.394s] -- Up-to-date: /home/ur5/husky_ws/install/husky_description/share/husky_description/environment/path.dsv
[0.394s] -- Up-to-date: /home/ur5/husky_ws/install/husky_description/share/husky_description/local_setup.bash
[0.394s] -- Up-to-date: /home/ur5/husky_ws/install/husky_description/share/husky_description/local_setup.sh
[0.394s] -- Up-to-date: /home/ur5/husky_ws/install/husky_description/share/husky_description/local_setup.zsh
[0.395s] -- Up-to-date: /home/ur5/husky_ws/install/husky_description/share/husky_description/local_setup.dsv
[0.395s] -- Installing: /home/ur5/husky_ws/install/husky_description/share/husky_description/package.dsv
[0.395s] -- Up-to-date: /home/ur5/husky_ws/install/husky_description/share/ament_index/resource_index/packages/husky_description
[0.395s] -- Up-to-date: /home/ur5/husky_ws/install/husky_description/share/husky_description/cmake/ament_cmake_export_dependencies-extras.cmake
[0.395s] -- Up-to-date: /home/ur5/husky_ws/install/husky_description/share/husky_description/cmake/husky_descriptionConfig.cmake
[0.396s] -- Up-to-date: /home/ur5/husky_ws/install/husky_description/share/husky_description/cmake/husky_descriptionConfig-version.cmake
[0.396s] -- Up-to-date: /home/ur5/husky_ws/install/husky_description/share/husky_description/package.xml
[0.396s] Invoked command in '/home/ur5/husky_ws/build/husky_description' returned '0': CMAKE_PREFIX_PATH=${CMAKE_PREFIX_PATH}:/home/ur5/husky_ws/install/dynamic_obs:/home/ur5/rg2_ws/install/gripper_control:/home/ur5/rosbot_ws/install/rosbot_utils:/home/ur5/rosbot_ws/install/rosbot_gazebo:/home/ur5/rosbot_ws/install/rosbot_bringup:/home/ur5/rosbot_ws/install/rosbot_controller:/home/ur5/ur5_ws/install/solution:/home/ur5/ur5_ws/install/projectur5:/home/ur5/ur5_ws/install/projectUR5:/home/ur5/ur5_ws/install/my_package:/home/ur5/ur5_ws/install/kinematics:/home/ur5/workspace/ros2_kortex_ws/install/rqt_joint_trajectory_controller:/home/ur5/workspace/ros2_kortex_ws/install/rqt_controller_manager:/home/ur5/workspace/ros2_kortex_ws/install/ros2controlcli:/home/ur5/workspace/ros2_kortex_ws/install/ros2_controllers_test_nodes /usr/bin/cmake --install /home/ur5/husky_ws/build/husky_description
