[0.033s] Invoking command in '/home/ur5/husky_ws/build/animated_person': CMAKE_PREFIX_PATH=${CMAKE_PREFIX_PATH}:/home/ur5/rg2_ws/install/gripper_control:/home/ur5/rosbot_ws/install/rosbot_utils:/home/ur5/rosbot_ws/install/rosbot_gazebo:/home/ur5/rosbot_ws/install/rosbot_bringup:/home/ur5/rosbot_ws/install/rosbot_controller:/home/ur5/ur5_ws/install/solution:/home/ur5/ur5_ws/install/projectur5:/home/ur5/ur5_ws/install/projectUR5:/home/ur5/ur5_ws/install/my_package:/home/ur5/ur5_ws/install/kinematics:/home/ur5/workspace/ros2_kortex_ws/install/rqt_joint_trajectory_controller:/home/ur5/workspace/ros2_kortex_ws/install/rqt_controller_manager:/home/ur5/workspace/ros2_kortex_ws/install/ros2controlcli:/home/ur5/workspace/ros2_kortex_ws/install/ros2_controllers_test_nodes /usr/bin/cmake /home/ur5/husky_ws/src/animated_person -DCMAKE_INSTALL_PREFIX=/home/ur5/husky_ws/install/animated_person
[0.141s] -- The C compiler identification is GNU 11.4.0
[0.230s] -- The CXX compiler identification is GNU 11.4.0
[0.242s] -- Detecting C compiler ABI info
[0.335s] -- Detecting C compiler ABI info - done
[0.348s] -- Check for working C compiler: /usr/bin/cc - skipped
[0.349s] -- Detecting C compile features
[0.349s] -- Detecting C compile features - done
[0.353s] -- Detecting CXX compiler ABI info
[0.460s] -- Detecting CXX compiler ABI info - done
[0.466s] -- Check for working CXX compiler: /usr/bin/c++ - skipped
[0.467s] -- Detecting CXX compile features
[0.467s] -- Detecting CXX compile features - done
[0.480s] -- Found ament_cmake: 1.3.11 (/opt/ros/humble/share/ament_cmake/cmake)
[0.680s] -- Found Python3: /usr/bin/python3 (found version "3.10.12") found components: Interpreter 
[0.911s] -- Found rclcpp: 16.0.11 (/opt/ros/humble/share/rclcpp/cmake)
[1.049s] -- Found rosidl_generator_c: 3.1.6 (/opt/ros/humble/share/rosidl_generator_c/cmake)
[1.071s] -- Found rosidl_adapter: 3.1.6 (/opt/ros/humble/share/rosidl_adapter/cmake)
[1.095s] -- Found rosidl_generator_cpp: 3.1.6 (/opt/ros/humble/share/rosidl_generator_cpp/cmake)
[1.128s] -- Using all available rosidl_typesupport_c: rosidl_typesupport_fastrtps_c;rosidl_typesupport_introspection_c
[1.171s] -- Using all available rosidl_typesupport_cpp: rosidl_typesupport_fastrtps_cpp;rosidl_typesupport_introspection_cpp
[1.298s] -- Found rmw_implementation_cmake: 6.1.2 (/opt/ros/humble/share/rmw_implementation_cmake/cmake)
[1.313s] -- Found rmw_cyclonedds_cpp: 1.3.4 (/opt/ros/humble/share/rmw_cyclonedds_cpp/cmake)
[1.386s] -- Using RMW implementation 'rmw_cyclonedds_cpp' as default
[1.419s] -- Looking for pthread.h
[1.509s] -- Looking for pthread.h - found
[1.509s] -- Performing Test CMAKE_HAVE_LIBC_PTHREAD
[1.594s] -- Performing Test CMAKE_HAVE_LIBC_PTHREAD - Success
[1.595s] -- Found Threads: TRUE  
[1.689s] -- Found ament_lint_auto: 0.12.11 (/opt/ros/humble/share/ament_lint_auto/cmake)
[1.844s] -- Added test 'copyright' to check source files copyright and LICENSE
[1.848s] -- Added test 'flake8' to check Python code syntax and style conventions
[1.850s] -- Added test 'lint_cmake' to check CMake code style
[1.852s] -- Added test 'pep257' to check Python code against some of the docstring style conventions in PEP 257
[1.856s] -- Added test 'xmllint' to check XML markup files
[1.860s] -- Configuring done
[1.864s] -- Generating done
[1.865s] -- Build files have been written to: /home/ur5/husky_ws/build/animated_person
[1.871s] Invoked command in '/home/ur5/husky_ws/build/animated_person' returned '0': CMAKE_PREFIX_PATH=${CMAKE_PREFIX_PATH}:/home/ur5/rg2_ws/install/gripper_control:/home/ur5/rosbot_ws/install/rosbot_utils:/home/ur5/rosbot_ws/install/rosbot_gazebo:/home/ur5/rosbot_ws/install/rosbot_bringup:/home/ur5/rosbot_ws/install/rosbot_controller:/home/ur5/ur5_ws/install/solution:/home/ur5/ur5_ws/install/projectur5:/home/ur5/ur5_ws/install/projectUR5:/home/ur5/ur5_ws/install/my_package:/home/ur5/ur5_ws/install/kinematics:/home/ur5/workspace/ros2_kortex_ws/install/rqt_joint_trajectory_controller:/home/ur5/workspace/ros2_kortex_ws/install/rqt_controller_manager:/home/ur5/workspace/ros2_kortex_ws/install/ros2controlcli:/home/ur5/workspace/ros2_kortex_ws/install/ros2_controllers_test_nodes /usr/bin/cmake /home/ur5/husky_ws/src/animated_person -DCMAKE_INSTALL_PREFIX=/home/ur5/husky_ws/install/animated_person
[1.873s] Invoking command in '/home/ur5/husky_ws/build/animated_person': CMAKE_PREFIX_PATH=${CMAKE_PREFIX_PATH}:/home/ur5/rg2_ws/install/gripper_control:/home/ur5/rosbot_ws/install/rosbot_utils:/home/ur5/rosbot_ws/install/rosbot_gazebo:/home/ur5/rosbot_ws/install/rosbot_bringup:/home/ur5/rosbot_ws/install/rosbot_controller:/home/ur5/ur5_ws/install/solution:/home/ur5/ur5_ws/install/projectur5:/home/ur5/ur5_ws/install/projectUR5:/home/ur5/ur5_ws/install/my_package:/home/ur5/ur5_ws/install/kinematics:/home/ur5/workspace/ros2_kortex_ws/install/rqt_joint_trajectory_controller:/home/ur5/workspace/ros2_kortex_ws/install/rqt_controller_manager:/home/ur5/workspace/ros2_kortex_ws/install/ros2controlcli:/home/ur5/workspace/ros2_kortex_ws/install/ros2_controllers_test_nodes /usr/bin/cmake --build /home/ur5/husky_ws/build/animated_person -- -j12 -l12
[1.926s] Invoked command in '/home/ur5/husky_ws/build/animated_person' returned '0': CMAKE_PREFIX_PATH=${CMAKE_PREFIX_PATH}:/home/ur5/rg2_ws/install/gripper_control:/home/ur5/rosbot_ws/install/rosbot_utils:/home/ur5/rosbot_ws/install/rosbot_gazebo:/home/ur5/rosbot_ws/install/rosbot_bringup:/home/ur5/rosbot_ws/install/rosbot_controller:/home/ur5/ur5_ws/install/solution:/home/ur5/ur5_ws/install/projectur5:/home/ur5/ur5_ws/install/projectUR5:/home/ur5/ur5_ws/install/my_package:/home/ur5/ur5_ws/install/kinematics:/home/ur5/workspace/ros2_kortex_ws/install/rqt_joint_trajectory_controller:/home/ur5/workspace/ros2_kortex_ws/install/rqt_controller_manager:/home/ur5/workspace/ros2_kortex_ws/install/ros2controlcli:/home/ur5/workspace/ros2_kortex_ws/install/ros2_controllers_test_nodes /usr/bin/cmake --build /home/ur5/husky_ws/build/animated_person -- -j12 -l12
[1.928s] Invoking command in '/home/ur5/husky_ws/build/animated_person': CMAKE_PREFIX_PATH=${CMAKE_PREFIX_PATH}:/home/ur5/rg2_ws/install/gripper_control:/home/ur5/rosbot_ws/install/rosbot_utils:/home/ur5/rosbot_ws/install/rosbot_gazebo:/home/ur5/rosbot_ws/install/rosbot_bringup:/home/ur5/rosbot_ws/install/rosbot_controller:/home/ur5/ur5_ws/install/solution:/home/ur5/ur5_ws/install/projectur5:/home/ur5/ur5_ws/install/projectUR5:/home/ur5/ur5_ws/install/my_package:/home/ur5/ur5_ws/install/kinematics:/home/ur5/workspace/ros2_kortex_ws/install/rqt_joint_trajectory_controller:/home/ur5/workspace/ros2_kortex_ws/install/rqt_controller_manager:/home/ur5/workspace/ros2_kortex_ws/install/ros2controlcli:/home/ur5/workspace/ros2_kortex_ws/install/ros2_controllers_test_nodes /usr/bin/cmake --install /home/ur5/husky_ws/build/animated_person
[1.939s] -- Install configuration: ""
[1.939s] -- Installing: /home/ur5/husky_ws/install/animated_person/share/animated_person/launch
[1.939s] -- Installing: /home/ur5/husky_ws/install/animated_person/share/animated_person/launch/animated_person.launch.py
[1.939s] -- Installing: /home/ur5/husky_ws/install/animated_person/share/animated_person/models
[1.939s] -- Installing: /home/ur5/husky_ws/install/animated_person/share/animated_person/models/person
[1.939s] -- Installing: /home/ur5/husky_ws/install/animated_person/share/animated_person/models/person/meshes
[1.939s] -- Installing: /home/ur5/husky_ws/install/animated_person/share/animated_person/models/person/meshes/standing.dae
[1.943s] -- Installing: /home/ur5/husky_ws/install/animated_person/share/animated_person/models/person/model.config
[1.943s] -- Installing: /home/ur5/husky_ws/install/animated_person/share/animated_person/models/person/materials
[1.943s] -- Installing: /home/ur5/husky_ws/install/animated_person/share/animated_person/models/person/materials/textures
[1.943s] -- Installing: /home/ur5/husky_ws/install/animated_person/share/animated_person/models/person/materials/textures/teeth.png
[1.944s] -- Installing: /home/ur5/husky_ws/install/animated_person/share/animated_person/models/person/materials/textures/jeans_basic_diffuse.png
[1.948s] -- Installing: /home/ur5/husky_ws/install/animated_person/share/animated_person/models/person/materials/textures/tshirt02_texture.png
[1.948s] -- Installing: /home/ur5/husky_ws/install/animated_person/share/animated_person/models/person/materials/textures/eyebrow001-unmodified.png
[1.948s] -- Installing: /home/ur5/husky_ws/install/animated_person/share/animated_person/models/person/materials/textures/eyebrow001.png
[1.948s] -- Installing: /home/ur5/husky_ws/install/animated_person/share/animated_person/models/person/materials/textures/young_lightskinned_male_diffuse.png
[1.952s] -- Installing: /home/ur5/husky_ws/install/animated_person/share/animated_person/models/person/materials/textures/tshirt02_normals.png
[1.952s] -- Installing: /home/ur5/husky_ws/install/animated_person/share/animated_person/models/person/materials/textures/male02_diffuse_black-unmodified.png
[1.955s] -- Installing: /home/ur5/husky_ws/install/animated_person/share/animated_person/models/person/materials/textures/green_eye.png
[1.956s] -- Installing: /home/ur5/husky_ws/install/animated_person/share/animated_person/models/person/materials/textures/male02_diffuse_black.png
[1.959s] -- Installing: /home/ur5/husky_ws/install/animated_person/share/animated_person/models/person/materials/textures/jeans01_normals.png
[1.962s] -- Installing: /home/ur5/husky_ws/install/animated_person/share/animated_person/models/person/model.sdf
[1.962s] -- Installing: /home/ur5/husky_ws/install/animated_person/share/animated_person/worlds
[1.962s] -- Installing: /home/ur5/husky_ws/install/animated_person/share/animated_person/worlds/animated_person.world
[1.962s] -- Installing: /home/ur5/husky_ws/install/animated_person/share/ament_index/resource_index/package_run_dependencies/animated_person
[1.962s] -- Installing: /home/ur5/husky_ws/install/animated_person/share/ament_index/resource_index/parent_prefix_path/animated_person
[1.962s] -- Installing: /home/ur5/husky_ws/install/animated_person/share/animated_person/environment/ament_prefix_path.sh
[1.963s] -- Installing: /home/ur5/husky_ws/install/animated_person/share/animated_person/environment/ament_prefix_path.dsv
[1.963s] -- Installing: /home/ur5/husky_ws/install/animated_person/share/animated_person/environment/path.sh
[1.963s] -- Installing: /home/ur5/husky_ws/install/animated_person/share/animated_person/environment/path.dsv
[1.963s] -- Installing: /home/ur5/husky_ws/install/animated_person/share/animated_person/local_setup.bash
[1.963s] -- Installing: /home/ur5/husky_ws/install/animated_person/share/animated_person/local_setup.sh
[1.963s] -- Installing: /home/ur5/husky_ws/install/animated_person/share/animated_person/local_setup.zsh
[1.963s] -- Installing: /home/ur5/husky_ws/install/animated_person/share/animated_person/local_setup.dsv
[1.963s] -- Installing: /home/ur5/husky_ws/install/animated_person/share/animated_person/package.dsv
[1.963s] -- Installing: /home/ur5/husky_ws/install/animated_person/share/ament_index/resource_index/packages/animated_person
[1.964s] -- Installing: /home/ur5/husky_ws/install/animated_person/share/animated_person/cmake/animated_personConfig.cmake
[1.964s] -- Installing: /home/ur5/husky_ws/install/animated_person/share/animated_person/cmake/animated_personConfig-version.cmake
[1.964s] -- Installing: /home/ur5/husky_ws/install/animated_person/share/animated_person/package.xml
[1.966s] Invoked command in '/home/ur5/husky_ws/build/animated_person' returned '0': CMAKE_PREFIX_PATH=${CMAKE_PREFIX_PATH}:/home/ur5/rg2_ws/install/gripper_control:/home/ur5/rosbot_ws/install/rosbot_utils:/home/ur5/rosbot_ws/install/rosbot_gazebo:/home/ur5/rosbot_ws/install/rosbot_bringup:/home/ur5/rosbot_ws/install/rosbot_controller:/home/ur5/ur5_ws/install/solution:/home/ur5/ur5_ws/install/projectur5:/home/ur5/ur5_ws/install/projectUR5:/home/ur5/ur5_ws/install/my_package:/home/ur5/ur5_ws/install/kinematics:/home/ur5/workspace/ros2_kortex_ws/install/rqt_joint_trajectory_controller:/home/ur5/workspace/ros2_kortex_ws/install/rqt_controller_manager:/home/ur5/workspace/ros2_kortex_ws/install/ros2controlcli:/home/ur5/workspace/ros2_kortex_ws/install/ros2_controllers_test_nodes /usr/bin/cmake --install /home/ur5/husky_ws/build/animated_person
