[0.029s] Invoking command in '/home/ur5/husky_ws/build/husky_msgs': CMAKE_PREFIX_PATH=${CMAKE_PREFIX_PATH}:/home/ur5/rg2_ws/install/gripper_control:/home/ur5/rosbot_ws/install/rosbot_utils:/home/ur5/rosbot_ws/install/rosbot_gazebo:/home/ur5/rosbot_ws/install/rosbot_bringup:/home/ur5/rosbot_ws/install/rosbot_controller:/home/ur5/ur5_ws/install/solution:/home/ur5/ur5_ws/install/projectur5:/home/ur5/ur5_ws/install/projectUR5:/home/ur5/ur5_ws/install/my_package:/home/ur5/ur5_ws/install/kinematics:/home/ur5/workspace/ros2_kortex_ws/install/rqt_joint_trajectory_controller:/home/ur5/workspace/ros2_kortex_ws/install/rqt_controller_manager:/home/ur5/workspace/ros2_kortex_ws/install/ros2controlcli:/home/ur5/workspace/ros2_kortex_ws/install/ros2_controllers_test_nodes /usr/bin/cmake --build /home/ur5/husky_ws/build/husky_msgs -- -j12 -l12
[0.098s] [  6%] Built target husky_msgs__cpp
[0.098s] [ 12%] Built target husky_msgs__rosidl_generator_c
[0.113s] [ 12%] Built target ament_cmake_python_copy_husky_msgs
[0.134s] [ 22%] Built target husky_msgs__rosidl_typesupport_introspection_c
[0.141s] [ 41%] Built target husky_msgs__rosidl_typesupport_c
[0.141s] [ 41%] Built target husky_msgs__rosidl_typesupport_fastrtps_c
[0.142s] [ 51%] Built target husky_msgs__rosidl_typesupport_introspection_cpp
[0.155s] [ 70%] Built target husky_msgs__rosidl_typesupport_fastrtps_cpp
[0.155s] [ 70%] Built target husky_msgs__rosidl_typesupport_cpp
[0.187s] [ 70%] Built target husky_msgs
[0.219s] [ 74%] Built target husky_msgs__py
[0.252s] [ 80%] Built target husky_msgs__rosidl_generator_py
[0.285s] [ 93%] Built target husky_msgs__rosidl_typesupport_fastrtps_c__pyext
[0.285s] [ 93%] Built target husky_msgs__rosidl_typesupport_introspection_c__pyext
[0.286s] [100%] Built target husky_msgs__rosidl_typesupport_c__pyext
[0.406s] running egg_info
[0.406s] writing husky_msgs.egg-info/PKG-INFO
[0.407s] writing dependency_links to husky_msgs.egg-info/dependency_links.txt
[0.407s] writing top-level names to husky_msgs.egg-info/top_level.txt
[0.409s] reading manifest file 'husky_msgs.egg-info/SOURCES.txt'
[0.409s] writing manifest file 'husky_msgs.egg-info/SOURCES.txt'
[0.437s] [100%] Built target ament_cmake_python_build_husky_msgs_egg
[0.453s] Invoked command in '/home/ur5/husky_ws/build/husky_msgs' returned '0': CMAKE_PREFIX_PATH=${CMAKE_PREFIX_PATH}:/home/ur5/rg2_ws/install/gripper_control:/home/ur5/rosbot_ws/install/rosbot_utils:/home/ur5/rosbot_ws/install/rosbot_gazebo:/home/ur5/rosbot_ws/install/rosbot_bringup:/home/ur5/rosbot_ws/install/rosbot_controller:/home/ur5/ur5_ws/install/solution:/home/ur5/ur5_ws/install/projectur5:/home/ur5/ur5_ws/install/projectUR5:/home/ur5/ur5_ws/install/my_package:/home/ur5/ur5_ws/install/kinematics:/home/ur5/workspace/ros2_kortex_ws/install/rqt_joint_trajectory_controller:/home/ur5/workspace/ros2_kortex_ws/install/rqt_controller_manager:/home/ur5/workspace/ros2_kortex_ws/install/ros2controlcli:/home/ur5/workspace/ros2_kortex_ws/install/ros2_controllers_test_nodes /usr/bin/cmake --build /home/ur5/husky_ws/build/husky_msgs -- -j12 -l12
[0.455s] Invoking command in '/home/ur5/husky_ws/build/husky_msgs': CMAKE_PREFIX_PATH=${CMAKE_PREFIX_PATH}:/home/ur5/rg2_ws/install/gripper_control:/home/ur5/rosbot_ws/install/rosbot_utils:/home/ur5/rosbot_ws/install/rosbot_gazebo:/home/ur5/rosbot_ws/install/rosbot_bringup:/home/ur5/rosbot_ws/install/rosbot_controller:/home/ur5/ur5_ws/install/solution:/home/ur5/ur5_ws/install/projectur5:/home/ur5/ur5_ws/install/projectUR5:/home/ur5/ur5_ws/install/my_package:/home/ur5/ur5_ws/install/kinematics:/home/ur5/workspace/ros2_kortex_ws/install/rqt_joint_trajectory_controller:/home/ur5/workspace/ros2_kortex_ws/install/rqt_controller_manager:/home/ur5/workspace/ros2_kortex_ws/install/ros2controlcli:/home/ur5/workspace/ros2_kortex_ws/install/ros2_controllers_test_nodes /usr/bin/cmake --install /home/ur5/husky_ws/build/husky_msgs
[0.466s] -- Install configuration: ""
[0.466s] -- Up-to-date: /home/ur5/husky_ws/install/husky_msgs/share/ament_index/resource_index/rosidl_interfaces/husky_msgs
[0.466s] -- Up-to-date: /home/ur5/husky_ws/install/husky_msgs/include/husky_msgs/husky_msgs
[0.466s] -- Up-to-date: /home/ur5/husky_ws/install/husky_msgs/include/husky_msgs/husky_msgs/msg
[0.466s] -- Up-to-date: /home/ur5/husky_ws/install/husky_msgs/include/husky_msgs/husky_msgs/msg/husky_status.h
[0.466s] -- Up-to-date: /home/ur5/husky_ws/install/husky_msgs/include/husky_msgs/husky_msgs/msg/rosidl_generator_c__visibility_control.h
[0.466s] -- Up-to-date: /home/ur5/husky_ws/install/husky_msgs/include/husky_msgs/husky_msgs/msg/detail
[0.467s] -- Up-to-date: /home/ur5/husky_ws/install/husky_msgs/include/husky_msgs/husky_msgs/msg/detail/husky_status__type_support.h
[0.467s] -- Up-to-date: /home/ur5/husky_ws/install/husky_msgs/include/husky_msgs/husky_msgs/msg/detail/husky_status__functions.c
[0.467s] -- Up-to-date: /home/ur5/husky_ws/install/husky_msgs/include/husky_msgs/husky_msgs/msg/detail/husky_status__struct.h
[0.467s] -- Up-to-date: /home/ur5/husky_ws/install/husky_msgs/include/husky_msgs/husky_msgs/msg/detail/husky_status__functions.h
[0.467s] -- Up-to-date: /home/ur5/husky_ws/install/husky_msgs/share/husky_msgs/environment/library_path.sh
[0.467s] -- Up-to-date: /home/ur5/husky_ws/install/husky_msgs/share/husky_msgs/environment/library_path.dsv
[0.467s] -- Up-to-date: /home/ur5/husky_ws/install/husky_msgs/lib/libhusky_msgs__rosidl_generator_c.so
[0.467s] -- Up-to-date: /home/ur5/husky_ws/install/husky_msgs/include/husky_msgs/husky_msgs
[0.468s] -- Up-to-date: /home/ur5/husky_ws/install/husky_msgs/include/husky_msgs/husky_msgs/msg
[0.468s] -- Up-to-date: /home/ur5/husky_ws/install/husky_msgs/include/husky_msgs/husky_msgs/msg/rosidl_typesupport_fastrtps_c__visibility_control.h
[0.468s] -- Up-to-date: /home/ur5/husky_ws/install/husky_msgs/include/husky_msgs/husky_msgs/msg/detail
[0.468s] -- Up-to-date: /home/ur5/husky_ws/install/husky_msgs/include/husky_msgs/husky_msgs/msg/detail/husky_status__rosidl_typesupport_fastrtps_c.h
[0.468s] -- Up-to-date: /home/ur5/husky_ws/install/husky_msgs/lib/libhusky_msgs__rosidl_typesupport_fastrtps_c.so
[0.468s] -- Up-to-date: /home/ur5/husky_ws/install/husky_msgs/include/husky_msgs/husky_msgs
[0.468s] -- Up-to-date: /home/ur5/husky_ws/install/husky_msgs/include/husky_msgs/husky_msgs/msg
[0.468s] -- Up-to-date: /home/ur5/husky_ws/install/husky_msgs/include/husky_msgs/husky_msgs/msg/rosidl_generator_cpp__visibility_control.hpp
[0.468s] -- Up-to-date: /home/ur5/husky_ws/install/husky_msgs/include/husky_msgs/husky_msgs/msg/husky_status.hpp
[0.469s] -- Up-to-date: /home/ur5/husky_ws/install/husky_msgs/include/husky_msgs/husky_msgs/msg/detail
[0.469s] -- Up-to-date: /home/ur5/husky_ws/install/husky_msgs/include/husky_msgs/husky_msgs/msg/detail/husky_status__traits.hpp
[0.469s] -- Up-to-date: /home/ur5/husky_ws/install/husky_msgs/include/husky_msgs/husky_msgs/msg/detail/husky_status__builder.hpp
[0.469s] -- Up-to-date: /home/ur5/husky_ws/install/husky_msgs/include/husky_msgs/husky_msgs/msg/detail/husky_status__type_support.hpp
[0.469s] -- Up-to-date: /home/ur5/husky_ws/install/husky_msgs/include/husky_msgs/husky_msgs/msg/detail/husky_status__struct.hpp
[0.469s] -- Up-to-date: /home/ur5/husky_ws/install/husky_msgs/include/husky_msgs/husky_msgs
[0.469s] -- Up-to-date: /home/ur5/husky_ws/install/husky_msgs/include/husky_msgs/husky_msgs/msg
[0.469s] -- Up-to-date: /home/ur5/husky_ws/install/husky_msgs/include/husky_msgs/husky_msgs/msg/rosidl_typesupport_fastrtps_cpp__visibility_control.h
[0.470s] -- Up-to-date: /home/ur5/husky_ws/install/husky_msgs/include/husky_msgs/husky_msgs/msg/detail
[0.470s] -- Up-to-date: /home/ur5/husky_ws/install/husky_msgs/include/husky_msgs/husky_msgs/msg/detail/dds_fastrtps
[0.470s] -- Up-to-date: /home/ur5/husky_ws/install/husky_msgs/include/husky_msgs/husky_msgs/msg/detail/husky_status__rosidl_typesupport_fastrtps_cpp.hpp
[0.470s] -- Up-to-date: /home/ur5/husky_ws/install/husky_msgs/lib/libhusky_msgs__rosidl_typesupport_fastrtps_cpp.so
[0.470s] -- Up-to-date: /home/ur5/husky_ws/install/husky_msgs/include/husky_msgs/husky_msgs
[0.470s] -- Up-to-date: /home/ur5/husky_ws/install/husky_msgs/include/husky_msgs/husky_msgs/msg
[0.470s] -- Up-to-date: /home/ur5/husky_ws/install/husky_msgs/include/husky_msgs/husky_msgs/msg/rosidl_typesupport_introspection_c__visibility_control.h
[0.470s] -- Up-to-date: /home/ur5/husky_ws/install/husky_msgs/include/husky_msgs/husky_msgs/msg/detail
[0.470s] -- Up-to-date: /home/ur5/husky_ws/install/husky_msgs/include/husky_msgs/husky_msgs/msg/detail/husky_status__type_support.c
[0.470s] -- Up-to-date: /home/ur5/husky_ws/install/husky_msgs/include/husky_msgs/husky_msgs/msg/detail/husky_status__rosidl_typesupport_introspection_c.h
[0.471s] -- Up-to-date: /home/ur5/husky_ws/install/husky_msgs/lib/libhusky_msgs__rosidl_typesupport_introspection_c.so
[0.471s] -- Up-to-date: /home/ur5/husky_ws/install/husky_msgs/lib/libhusky_msgs__rosidl_typesupport_c.so
[0.471s] -- Up-to-date: /home/ur5/husky_ws/install/husky_msgs/include/husky_msgs/husky_msgs
[0.471s] -- Up-to-date: /home/ur5/husky_ws/install/husky_msgs/include/husky_msgs/husky_msgs/msg
[0.471s] -- Up-to-date: /home/ur5/husky_ws/install/husky_msgs/include/husky_msgs/husky_msgs/msg/detail
[0.471s] -- Up-to-date: /home/ur5/husky_ws/install/husky_msgs/include/husky_msgs/husky_msgs/msg/detail/husky_status__rosidl_typesupport_introspection_cpp.hpp
[0.471s] -- Up-to-date: /home/ur5/husky_ws/install/husky_msgs/include/husky_msgs/husky_msgs/msg/detail/husky_status__type_support.cpp
[0.471s] -- Up-to-date: /home/ur5/husky_ws/install/husky_msgs/lib/libhusky_msgs__rosidl_typesupport_introspection_cpp.so
[0.471s] -- Up-to-date: /home/ur5/husky_ws/install/husky_msgs/lib/libhusky_msgs__rosidl_typesupport_cpp.so
[0.471s] -- Up-to-date: /home/ur5/husky_ws/install/husky_msgs/share/husky_msgs/environment/pythonpath.sh
[0.471s] -- Up-to-date: /home/ur5/husky_ws/install/husky_msgs/share/husky_msgs/environment/pythonpath.dsv
[0.472s] -- Up-to-date: /home/ur5/husky_ws/install/husky_msgs/local/lib/python3.10/dist-packages/husky_msgs-1.0.8-py3.10.egg-info
[0.472s] -- Installing: /home/ur5/husky_ws/install/husky_msgs/local/lib/python3.10/dist-packages/husky_msgs-1.0.8-py3.10.egg-info/dependency_links.txt
[0.472s] -- Installing: /home/ur5/husky_ws/install/husky_msgs/local/lib/python3.10/dist-packages/husky_msgs-1.0.8-py3.10.egg-info/SOURCES.txt
[0.472s] -- Installing: /home/ur5/husky_ws/install/husky_msgs/local/lib/python3.10/dist-packages/husky_msgs-1.0.8-py3.10.egg-info/PKG-INFO
[0.472s] -- Installing: /home/ur5/husky_ws/install/husky_msgs/local/lib/python3.10/dist-packages/husky_msgs-1.0.8-py3.10.egg-info/top_level.txt
[0.472s] -- Up-to-date: /home/ur5/husky_ws/install/husky_msgs/local/lib/python3.10/dist-packages/husky_msgs
[0.472s] -- Up-to-date: /home/ur5/husky_ws/install/husky_msgs/local/lib/python3.10/dist-packages/husky_msgs/libhusky_msgs__rosidl_generator_py.so
[0.472s] -- Up-to-date: /home/ur5/husky_ws/install/husky_msgs/local/lib/python3.10/dist-packages/husky_msgs/msg
[0.472s] -- Up-to-date: /home/ur5/husky_ws/install/husky_msgs/local/lib/python3.10/dist-packages/husky_msgs/msg/_husky_status.py
[0.472s] -- Up-to-date: /home/ur5/husky_ws/install/husky_msgs/local/lib/python3.10/dist-packages/husky_msgs/msg/__init__.py
[0.472s] -- Up-to-date: /home/ur5/husky_ws/install/husky_msgs/local/lib/python3.10/dist-packages/husky_msgs/msg/_husky_status_s.c
[0.473s] -- Up-to-date: /home/ur5/husky_ws/install/husky_msgs/local/lib/python3.10/dist-packages/husky_msgs/_husky_msgs_s.ep.rosidl_typesupport_introspection_c.c
[0.473s] -- Up-to-date: /home/ur5/husky_ws/install/husky_msgs/local/lib/python3.10/dist-packages/husky_msgs/_husky_msgs_s.ep.rosidl_typesupport_c.c
[0.473s] -- Up-to-date: /home/ur5/husky_ws/install/husky_msgs/local/lib/python3.10/dist-packages/husky_msgs/husky_msgs_s__rosidl_typesupport_introspection_c.cpython-310-x86_64-linux-gnu.so
[0.473s] -- Up-to-date: /home/ur5/husky_ws/install/husky_msgs/local/lib/python3.10/dist-packages/husky_msgs/__init__.py
[0.473s] -- Up-to-date: /home/ur5/husky_ws/install/husky_msgs/local/lib/python3.10/dist-packages/husky_msgs/_husky_msgs_s.ep.rosidl_typesupport_fastrtps_c.c
[0.473s] -- Up-to-date: /home/ur5/husky_ws/install/husky_msgs/local/lib/python3.10/dist-packages/husky_msgs/husky_msgs_s__rosidl_typesupport_fastrtps_c.cpython-310-x86_64-linux-gnu.so
[0.473s] -- Up-to-date: /home/ur5/husky_ws/install/husky_msgs/local/lib/python3.10/dist-packages/husky_msgs/husky_msgs_s__rosidl_typesupport_c.cpython-310-x86_64-linux-gnu.so
[0.508s] Listing '/home/ur5/husky_ws/install/husky_msgs/local/lib/python3.10/dist-packages/husky_msgs'...
[0.508s] Listing '/home/ur5/husky_ws/install/husky_msgs/local/lib/python3.10/dist-packages/husky_msgs/msg'...
[0.511s] -- Up-to-date: /home/ur5/husky_ws/install/husky_msgs/local/lib/python3.10/dist-packages/husky_msgs/husky_msgs_s__rosidl_typesupport_fastrtps_c.cpython-310-x86_64-linux-gnu.so
[0.511s] -- Up-to-date: /home/ur5/husky_ws/install/husky_msgs/local/lib/python3.10/dist-packages/husky_msgs/husky_msgs_s__rosidl_typesupport_introspection_c.cpython-310-x86_64-linux-gnu.so
[0.512s] -- Up-to-date: /home/ur5/husky_ws/install/husky_msgs/local/lib/python3.10/dist-packages/husky_msgs/husky_msgs_s__rosidl_typesupport_c.cpython-310-x86_64-linux-gnu.so
[0.512s] -- Up-to-date: /home/ur5/husky_ws/install/husky_msgs/lib/libhusky_msgs__rosidl_generator_py.so
[0.512s] -- Up-to-date: /home/ur5/husky_ws/install/husky_msgs/share/husky_msgs/msg/HuskyStatus.idl
[0.512s] -- Up-to-date: /home/ur5/husky_ws/install/husky_msgs/share/husky_msgs/msg/HuskyStatus.msg
[0.512s] -- Up-to-date: /home/ur5/husky_ws/install/husky_msgs/share/ament_index/resource_index/package_run_dependencies/husky_msgs
[0.513s] -- Up-to-date: /home/ur5/husky_ws/install/husky_msgs/share/ament_index/resource_index/parent_prefix_path/husky_msgs
[0.513s] -- Up-to-date: /home/ur5/husky_ws/install/husky_msgs/share/husky_msgs/environment/ament_prefix_path.sh
[0.513s] -- Up-to-date: /home/ur5/husky_ws/install/husky_msgs/share/husky_msgs/environment/ament_prefix_path.dsv
[0.513s] -- Up-to-date: /home/ur5/husky_ws/install/husky_msgs/share/husky_msgs/environment/path.sh
[0.513s] -- Up-to-date: /home/ur5/husky_ws/install/husky_msgs/share/husky_msgs/environment/path.dsv
[0.513s] -- Up-to-date: /home/ur5/husky_ws/install/husky_msgs/share/husky_msgs/local_setup.bash
[0.513s] -- Up-to-date: /home/ur5/husky_ws/install/husky_msgs/share/husky_msgs/local_setup.sh
[0.513s] -- Up-to-date: /home/ur5/husky_ws/install/husky_msgs/share/husky_msgs/local_setup.zsh
[0.514s] -- Up-to-date: /home/ur5/husky_ws/install/husky_msgs/share/husky_msgs/local_setup.dsv
[0.514s] -- Installing: /home/ur5/husky_ws/install/husky_msgs/share/husky_msgs/package.dsv
[0.514s] -- Up-to-date: /home/ur5/husky_ws/install/husky_msgs/share/ament_index/resource_index/packages/husky_msgs
[0.514s] -- Up-to-date: /home/ur5/husky_ws/install/husky_msgs/share/husky_msgs/cmake/export_husky_msgs__rosidl_generator_cExport.cmake
[0.514s] -- Up-to-date: /home/ur5/husky_ws/install/husky_msgs/share/husky_msgs/cmake/export_husky_msgs__rosidl_generator_cExport-noconfig.cmake
[0.514s] -- Up-to-date: /home/ur5/husky_ws/install/husky_msgs/share/husky_msgs/cmake/export_husky_msgs__rosidl_typesupport_fastrtps_cExport.cmake
[0.514s] -- Up-to-date: /home/ur5/husky_ws/install/husky_msgs/share/husky_msgs/cmake/export_husky_msgs__rosidl_typesupport_fastrtps_cExport-noconfig.cmake
[0.514s] -- Up-to-date: /home/ur5/husky_ws/install/husky_msgs/share/husky_msgs/cmake/export_husky_msgs__rosidl_generator_cppExport.cmake
[0.514s] -- Up-to-date: /home/ur5/husky_ws/install/husky_msgs/share/husky_msgs/cmake/export_husky_msgs__rosidl_typesupport_fastrtps_cppExport.cmake
[0.514s] -- Up-to-date: /home/ur5/husky_ws/install/husky_msgs/share/husky_msgs/cmake/export_husky_msgs__rosidl_typesupport_fastrtps_cppExport-noconfig.cmake
[0.515s] -- Up-to-date: /home/ur5/husky_ws/install/husky_msgs/share/husky_msgs/cmake/husky_msgs__rosidl_typesupport_introspection_cExport.cmake
[0.515s] -- Up-to-date: /home/ur5/husky_ws/install/husky_msgs/share/husky_msgs/cmake/husky_msgs__rosidl_typesupport_introspection_cExport-noconfig.cmake
[0.515s] -- Up-to-date: /home/ur5/husky_ws/install/husky_msgs/share/husky_msgs/cmake/husky_msgs__rosidl_typesupport_cExport.cmake
[0.515s] -- Up-to-date: /home/ur5/husky_ws/install/husky_msgs/share/husky_msgs/cmake/husky_msgs__rosidl_typesupport_cExport-noconfig.cmake
[0.515s] -- Up-to-date: /home/ur5/husky_ws/install/husky_msgs/share/husky_msgs/cmake/husky_msgs__rosidl_typesupport_introspection_cppExport.cmake
[0.515s] -- Up-to-date: /home/ur5/husky_ws/install/husky_msgs/share/husky_msgs/cmake/husky_msgs__rosidl_typesupport_introspection_cppExport-noconfig.cmake
[0.515s] -- Up-to-date: /home/ur5/husky_ws/install/husky_msgs/share/husky_msgs/cmake/husky_msgs__rosidl_typesupport_cppExport.cmake
[0.515s] -- Up-to-date: /home/ur5/husky_ws/install/husky_msgs/share/husky_msgs/cmake/husky_msgs__rosidl_typesupport_cppExport-noconfig.cmake
[0.515s] -- Up-to-date: /home/ur5/husky_ws/install/husky_msgs/share/husky_msgs/cmake/export_husky_msgs__rosidl_generator_pyExport.cmake
[0.515s] -- Up-to-date: /home/ur5/husky_ws/install/husky_msgs/share/husky_msgs/cmake/export_husky_msgs__rosidl_generator_pyExport-noconfig.cmake
[0.515s] -- Up-to-date: /home/ur5/husky_ws/install/husky_msgs/share/husky_msgs/cmake/rosidl_cmake-extras.cmake
[0.515s] -- Up-to-date: /home/ur5/husky_ws/install/husky_msgs/share/husky_msgs/cmake/ament_cmake_export_dependencies-extras.cmake
[0.516s] -- Up-to-date: /home/ur5/husky_ws/install/husky_msgs/share/husky_msgs/cmake/ament_cmake_export_include_directories-extras.cmake
[0.516s] -- Up-to-date: /home/ur5/husky_ws/install/husky_msgs/share/husky_msgs/cmake/ament_cmake_export_libraries-extras.cmake
[0.516s] -- Up-to-date: /home/ur5/husky_ws/install/husky_msgs/share/husky_msgs/cmake/ament_cmake_export_targets-extras.cmake
[0.517s] -- Up-to-date: /home/ur5/husky_ws/install/husky_msgs/share/husky_msgs/cmake/rosidl_cmake_export_typesupport_targets-extras.cmake
[0.518s] -- Up-to-date: /home/ur5/husky_ws/install/husky_msgs/share/husky_msgs/cmake/rosidl_cmake_export_typesupport_libraries-extras.cmake
[0.518s] -- Up-to-date: /home/ur5/husky_ws/install/husky_msgs/share/husky_msgs/cmake/husky_msgsConfig.cmake
[0.518s] -- Up-to-date: /home/ur5/husky_ws/install/husky_msgs/share/husky_msgs/cmake/husky_msgsConfig-version.cmake
[0.518s] -- Up-to-date: /home/ur5/husky_ws/install/husky_msgs/share/husky_msgs/package.xml
[0.518s] Invoked command in '/home/ur5/husky_ws/build/husky_msgs' returned '0': CMAKE_PREFIX_PATH=${CMAKE_PREFIX_PATH}:/home/ur5/rg2_ws/install/gripper_control:/home/ur5/rosbot_ws/install/rosbot_utils:/home/ur5/rosbot_ws/install/rosbot_gazebo:/home/ur5/rosbot_ws/install/rosbot_bringup:/home/ur5/rosbot_ws/install/rosbot_controller:/home/ur5/ur5_ws/install/solution:/home/ur5/ur5_ws/install/projectur5:/home/ur5/ur5_ws/install/projectUR5:/home/ur5/ur5_ws/install/my_package:/home/ur5/ur5_ws/install/kinematics:/home/ur5/workspace/ros2_kortex_ws/install/rqt_joint_trajectory_controller:/home/ur5/workspace/ros2_kortex_ws/install/rqt_controller_manager:/home/ur5/workspace/ros2_kortex_ws/install/ros2controlcli:/home/ur5/workspace/ros2_kortex_ws/install/ros2_controllers_test_nodes /usr/bin/cmake --install /home/ur5/husky_ws/build/husky_msgs
