[0.024s] Invoking command in '/home/ur5/husky_ws/build/turtlebot3_navigation2': CMAKE_PREFIX_PATH=${CMAKE_PREFIX_PATH}:/home/ur5/rosbot_ws/install/rosbot_utils:/home/ur5/rosbot_ws/install/rosbot_gazebo:/home/ur5/rosbot_ws/install/rosbot_bringup:/home/ur5/rosbot_ws/install/rosbot_controller:/home/ur5/rg2_ws/install/gripper_control:/home/ur5/ur5_ws/install/solution:/home/ur5/ur5_ws/install/projectur5:/home/ur5/ur5_ws/install/projectUR5:/home/ur5/ur5_ws/install/my_package:/home/ur5/ur5_ws/install/kinematics:/home/ur5/workspace/ros2_kortex_ws/install/rqt_joint_trajectory_controller:/home/ur5/workspace/ros2_kortex_ws/install/rqt_controller_manager:/home/ur5/workspace/ros2_kortex_ws/install/ros2controlcli:/home/ur5/workspace/ros2_kortex_ws/install/ros2_controllers_test_nodes /usr/bin/cmake /home/ur5/husky_ws/src/turtlebot3_navigation2 -DCMAKE_INSTALL_PREFIX=/home/ur5/husky_ws/install/turtlebot3_navigation2
[0.092s] -- The C compiler identification is GNU 11.4.0
[0.170s] -- The CXX compiler identification is GNU 11.4.0
[0.178s] -- Detecting C compiler ABI info
[0.274s] -- Detecting C compiler ABI info - done
[0.284s] -- Check for working C compiler: /usr/bin/cc - skipped
[0.284s] -- Detecting C compile features
[0.284s] -- Detecting C compile features - done
[0.287s] -- Detecting CXX compiler ABI info
[0.384s] -- Detecting CXX compiler ABI info - done
[0.391s] -- Check for working CXX compiler: /usr/bin/c++ - skipped
[0.392s] -- Detecting CXX compile features
[0.392s] -- Detecting CXX compile features - done
[0.403s] -- Found ament_cmake: 1.3.11 (/opt/ros/humble/share/ament_cmake/cmake)
[0.600s] -- Found Python3: /usr/bin/python3 (found version "3.10.12") found components: Interpreter 
[0.865s] -- Configuring done
[0.867s] -- Generating done
[0.869s] -- Build files have been written to: /home/ur5/husky_ws/build/turtlebot3_navigation2
[0.872s] Invoked command in '/home/ur5/husky_ws/build/turtlebot3_navigation2' returned '0': CMAKE_PREFIX_PATH=${CMAKE_PREFIX_PATH}:/home/ur5/rosbot_ws/install/rosbot_utils:/home/ur5/rosbot_ws/install/rosbot_gazebo:/home/ur5/rosbot_ws/install/rosbot_bringup:/home/ur5/rosbot_ws/install/rosbot_controller:/home/ur5/rg2_ws/install/gripper_control:/home/ur5/ur5_ws/install/solution:/home/ur5/ur5_ws/install/projectur5:/home/ur5/ur5_ws/install/projectUR5:/home/ur5/ur5_ws/install/my_package:/home/ur5/ur5_ws/install/kinematics:/home/ur5/workspace/ros2_kortex_ws/install/rqt_joint_trajectory_controller:/home/ur5/workspace/ros2_kortex_ws/install/rqt_controller_manager:/home/ur5/workspace/ros2_kortex_ws/install/ros2controlcli:/home/ur5/workspace/ros2_kortex_ws/install/ros2_controllers_test_nodes /usr/bin/cmake /home/ur5/husky_ws/src/turtlebot3_navigation2 -DCMAKE_INSTALL_PREFIX=/home/ur5/husky_ws/install/turtlebot3_navigation2
[0.873s] Invoking command in '/home/ur5/husky_ws/build/turtlebot3_navigation2': CMAKE_PREFIX_PATH=${CMAKE_PREFIX_PATH}:/home/ur5/rosbot_ws/install/rosbot_utils:/home/ur5/rosbot_ws/install/rosbot_gazebo:/home/ur5/rosbot_ws/install/rosbot_bringup:/home/ur5/rosbot_ws/install/rosbot_controller:/home/ur5/rg2_ws/install/gripper_control:/home/ur5/ur5_ws/install/solution:/home/ur5/ur5_ws/install/projectur5:/home/ur5/ur5_ws/install/projectUR5:/home/ur5/ur5_ws/install/my_package:/home/ur5/ur5_ws/install/kinematics:/home/ur5/workspace/ros2_kortex_ws/install/rqt_joint_trajectory_controller:/home/ur5/workspace/ros2_kortex_ws/install/rqt_controller_manager:/home/ur5/workspace/ros2_kortex_ws/install/ros2controlcli:/home/ur5/workspace/ros2_kortex_ws/install/ros2_controllers_test_nodes /usr/bin/cmake --build /home/ur5/husky_ws/build/turtlebot3_navigation2 -- -j12 -l12
[0.924s] Invoked command in '/home/ur5/husky_ws/build/turtlebot3_navigation2' returned '0': CMAKE_PREFIX_PATH=${CMAKE_PREFIX_PATH}:/home/ur5/rosbot_ws/install/rosbot_utils:/home/ur5/rosbot_ws/install/rosbot_gazebo:/home/ur5/rosbot_ws/install/rosbot_bringup:/home/ur5/rosbot_ws/install/rosbot_controller:/home/ur5/rg2_ws/install/gripper_control:/home/ur5/ur5_ws/install/solution:/home/ur5/ur5_ws/install/projectur5:/home/ur5/ur5_ws/install/projectUR5:/home/ur5/ur5_ws/install/my_package:/home/ur5/ur5_ws/install/kinematics:/home/ur5/workspace/ros2_kortex_ws/install/rqt_joint_trajectory_controller:/home/ur5/workspace/ros2_kortex_ws/install/rqt_controller_manager:/home/ur5/workspace/ros2_kortex_ws/install/ros2controlcli:/home/ur5/workspace/ros2_kortex_ws/install/ros2_controllers_test_nodes /usr/bin/cmake --build /home/ur5/husky_ws/build/turtlebot3_navigation2 -- -j12 -l12
[0.926s] Invoking command in '/home/ur5/husky_ws/build/turtlebot3_navigation2': CMAKE_PREFIX_PATH=${CMAKE_PREFIX_PATH}:/home/ur5/rosbot_ws/install/rosbot_utils:/home/ur5/rosbot_ws/install/rosbot_gazebo:/home/ur5/rosbot_ws/install/rosbot_bringup:/home/ur5/rosbot_ws/install/rosbot_controller:/home/ur5/rg2_ws/install/gripper_control:/home/ur5/ur5_ws/install/solution:/home/ur5/ur5_ws/install/projectur5:/home/ur5/ur5_ws/install/projectUR5:/home/ur5/ur5_ws/install/my_package:/home/ur5/ur5_ws/install/kinematics:/home/ur5/workspace/ros2_kortex_ws/install/rqt_joint_trajectory_controller:/home/ur5/workspace/ros2_kortex_ws/install/rqt_controller_manager:/home/ur5/workspace/ros2_kortex_ws/install/ros2controlcli:/home/ur5/workspace/ros2_kortex_ws/install/ros2_controllers_test_nodes /usr/bin/cmake --install /home/ur5/husky_ws/build/turtlebot3_navigation2
[0.936s] -- Install configuration: ""
[0.936s] -- Installing: /home/ur5/husky_ws/install/turtlebot3_navigation2/share/turtlebot3_navigation2/launch
[0.937s] -- Installing: /home/ur5/husky_ws/install/turtlebot3_navigation2/share/turtlebot3_navigation2/launch/navigation2.launch.py
[0.937s] -- Installing: /home/ur5/husky_ws/install/turtlebot3_navigation2/share/turtlebot3_navigation2/map
[0.937s] -- Installing: /home/ur5/husky_ws/install/turtlebot3_navigation2/share/turtlebot3_navigation2/map/map.pgm
[0.937s] -- Installing: /home/ur5/husky_ws/install/turtlebot3_navigation2/share/turtlebot3_navigation2/map/map.yaml
[0.937s] -- Installing: /home/ur5/husky_ws/install/turtlebot3_navigation2/share/turtlebot3_navigation2/param
[0.937s] -- Installing: /home/ur5/husky_ws/install/turtlebot3_navigation2/share/turtlebot3_navigation2/param/waffle.yaml
[0.937s] -- Installing: /home/ur5/husky_ws/install/turtlebot3_navigation2/share/turtlebot3_navigation2/param/burger.yaml
[0.937s] -- Installing: /home/ur5/husky_ws/install/turtlebot3_navigation2/share/turtlebot3_navigation2/param/burger_cam.yaml
[0.937s] -- Installing: /home/ur5/husky_ws/install/turtlebot3_navigation2/share/turtlebot3_navigation2/param/waffle_pi.yaml
[0.938s] -- Installing: /home/ur5/husky_ws/install/turtlebot3_navigation2/share/turtlebot3_navigation2/rviz
[0.938s] -- Installing: /home/ur5/husky_ws/install/turtlebot3_navigation2/share/turtlebot3_navigation2/rviz/tb3_navigation2.rviz
[0.938s] -- Installing: /home/ur5/husky_ws/install/turtlebot3_navigation2/share/ament_index/resource_index/package_run_dependencies/turtlebot3_navigation2
[0.938s] -- Installing: /home/ur5/husky_ws/install/turtlebot3_navigation2/share/ament_index/resource_index/parent_prefix_path/turtlebot3_navigation2
[0.938s] -- Installing: /home/ur5/husky_ws/install/turtlebot3_navigation2/share/turtlebot3_navigation2/environment/ament_prefix_path.sh
[0.938s] -- Installing: /home/ur5/husky_ws/install/turtlebot3_navigation2/share/turtlebot3_navigation2/environment/ament_prefix_path.dsv
[0.938s] -- Installing: /home/ur5/husky_ws/install/turtlebot3_navigation2/share/turtlebot3_navigation2/environment/path.sh
[0.938s] -- Installing: /home/ur5/husky_ws/install/turtlebot3_navigation2/share/turtlebot3_navigation2/environment/path.dsv
[0.938s] -- Installing: /home/ur5/husky_ws/install/turtlebot3_navigation2/share/turtlebot3_navigation2/local_setup.bash
[0.938s] -- Installing: /home/ur5/husky_ws/install/turtlebot3_navigation2/share/turtlebot3_navigation2/local_setup.sh
[0.939s] -- Installing: /home/ur5/husky_ws/install/turtlebot3_navigation2/share/turtlebot3_navigation2/local_setup.zsh
[0.939s] -- Installing: /home/ur5/husky_ws/install/turtlebot3_navigation2/share/turtlebot3_navigation2/local_setup.dsv
[0.939s] -- Installing: /home/ur5/husky_ws/install/turtlebot3_navigation2/share/turtlebot3_navigation2/package.dsv
[0.939s] -- Installing: /home/ur5/husky_ws/install/turtlebot3_navigation2/share/ament_index/resource_index/packages/turtlebot3_navigation2
[0.939s] -- Installing: /home/ur5/husky_ws/install/turtlebot3_navigation2/share/turtlebot3_navigation2/cmake/turtlebot3_navigation2Config.cmake
[0.939s] -- Installing: /home/ur5/husky_ws/install/turtlebot3_navigation2/share/turtlebot3_navigation2/cmake/turtlebot3_navigation2Config-version.cmake
[0.939s] -- Installing: /home/ur5/husky_ws/install/turtlebot3_navigation2/share/turtlebot3_navigation2/package.xml
[0.941s] Invoked command in '/home/ur5/husky_ws/build/turtlebot3_navigation2' returned '0': CMAKE_PREFIX_PATH=${CMAKE_PREFIX_PATH}:/home/ur5/rosbot_ws/install/rosbot_utils:/home/ur5/rosbot_ws/install/rosbot_gazebo:/home/ur5/rosbot_ws/install/rosbot_bringup:/home/ur5/rosbot_ws/install/rosbot_controller:/home/ur5/rg2_ws/install/gripper_control:/home/ur5/ur5_ws/install/solution:/home/ur5/ur5_ws/install/projectur5:/home/ur5/ur5_ws/install/projectUR5:/home/ur5/ur5_ws/install/my_package:/home/ur5/ur5_ws/install/kinematics:/home/ur5/workspace/ros2_kortex_ws/install/rqt_joint_trajectory_controller:/home/ur5/workspace/ros2_kortex_ws/install/rqt_controller_manager:/home/ur5/workspace/ros2_kortex_ws/install/ros2controlcli:/home/ur5/workspace/ros2_kortex_ws/install/ros2_controllers_test_nodes /usr/bin/cmake --install /home/ur5/husky_ws/build/turtlebot3_navigation2
