[0.048s] Invoking command in '/home/ur5/husky_ws/build/openslam_gmapping': CMAKE_PREFIX_PATH=${CMAKE_PREFIX_PATH}:/home/ur5/rg2_ws/install/gripper_control:/home/ur5/ur5_ws/install/solution:/home/ur5/ur5_ws/install/projectur5:/home/ur5/ur5_ws/install/projectUR5:/home/ur5/ur5_ws/install/my_package:/home/ur5/ur5_ws/install/kinematics:/home/ur5/workspace/ros2_kortex_ws/install/rqt_joint_trajectory_controller:/home/ur5/workspace/ros2_kortex_ws/install/rqt_controller_manager:/home/ur5/workspace/ros2_kortex_ws/install/ros2controlcli:/home/ur5/workspace/ros2_kortex_ws/install/ros2_controllers_test_nodes /usr/bin/cmake --build /home/ur5/husky_ws/build/openslam_gmapping -- -j12 -l12
[0.154s] [35m[1mConsolidate compiler generated dependencies of target sensor_base[0m
[0.154s] [35m[1mConsolidate compiler generated dependencies of target utils[0m
[0.189s] [ 13%] Built target utils
[0.194s] [ 27%] Built target sensor_base
[0.235s] [35m[1mConsolidate compiler generated dependencies of target sensor_odometry[0m
[0.242s] [35m[1mConsolidate compiler generated dependencies of target sensor_range[0m
[0.291s] [ 40%] Built target sensor_odometry
[0.308s] [ 54%] Built target sensor_range
[0.351s] [35m[1mConsolidate compiler generated dependencies of target scanmatcher[0m
[0.409s] [ 77%] Built target scanmatcher
[0.444s] [35m[1mConsolidate compiler generated dependencies of target gridfastslam[0m
[0.493s] [100%] Built target gridfastslam
[0.536s] Invoked command in '/home/ur5/husky_ws/build/openslam_gmapping' returned '0': CMAKE_PREFIX_PATH=${CMAKE_PREFIX_PATH}:/home/ur5/rg2_ws/install/gripper_control:/home/ur5/ur5_ws/install/solution:/home/ur5/ur5_ws/install/projectur5:/home/ur5/ur5_ws/install/projectUR5:/home/ur5/ur5_ws/install/my_package:/home/ur5/ur5_ws/install/kinematics:/home/ur5/workspace/ros2_kortex_ws/install/rqt_joint_trajectory_controller:/home/ur5/workspace/ros2_kortex_ws/install/rqt_controller_manager:/home/ur5/workspace/ros2_kortex_ws/install/ros2controlcli:/home/ur5/workspace/ros2_kortex_ws/install/ros2_controllers_test_nodes /usr/bin/cmake --build /home/ur5/husky_ws/build/openslam_gmapping -- -j12 -l12
[0.541s] Invoking command in '/home/ur5/husky_ws/build/openslam_gmapping': CMAKE_PREFIX_PATH=${CMAKE_PREFIX_PATH}:/home/ur5/rg2_ws/install/gripper_control:/home/ur5/ur5_ws/install/solution:/home/ur5/ur5_ws/install/projectur5:/home/ur5/ur5_ws/install/projectUR5:/home/ur5/ur5_ws/install/my_package:/home/ur5/ur5_ws/install/kinematics:/home/ur5/workspace/ros2_kortex_ws/install/rqt_joint_trajectory_controller:/home/ur5/workspace/ros2_kortex_ws/install/rqt_controller_manager:/home/ur5/workspace/ros2_kortex_ws/install/ros2controlcli:/home/ur5/workspace/ros2_kortex_ws/install/ros2_controllers_test_nodes /usr/bin/cmake --install /home/ur5/husky_ws/build/openslam_gmapping
[0.569s] -- Install configuration: ""
[0.569s] -- Up-to-date: /home/ur5/husky_ws/install/openslam_gmapping/share/openslam_gmapping/environment/library_path.sh
[0.569s] -- Up-to-date: /home/ur5/husky_ws/install/openslam_gmapping/share/openslam_gmapping/environment/library_path.dsv
[0.569s] -- Up-to-date: /home/ur5/husky_ws/install/openslam_gmapping/include/
[0.570s] -- Up-to-date: /home/ur5/husky_ws/install/openslam_gmapping/include//gmapping
[0.571s] -- Up-to-date: /home/ur5/husky_ws/install/openslam_gmapping/include//gmapping/grid
[0.572s] -- Up-to-date: /home/ur5/husky_ws/install/openslam_gmapping/include//gmapping/grid/accessstate.h
[0.574s] -- Up-to-date: /home/ur5/husky_ws/install/openslam_gmapping/include//gmapping/grid/array2d.h
[0.574s] -- Up-to-date: /home/ur5/husky_ws/install/openslam_gmapping/include//gmapping/grid/map.h
[0.574s] -- Up-to-date: /home/ur5/husky_ws/install/openslam_gmapping/include//gmapping/grid/harray2d.h
[0.574s] -- Up-to-date: /home/ur5/husky_ws/install/openslam_gmapping/include//gmapping/sensor
[0.575s] -- Up-to-date: /home/ur5/husky_ws/install/openslam_gmapping/include//gmapping/sensor/sensor_base
[0.575s] -- Up-to-date: /home/ur5/husky_ws/install/openslam_gmapping/include//gmapping/sensor/sensor_base/sensor.h
[0.575s] -- Up-to-date: /home/ur5/husky_ws/install/openslam_gmapping/include//gmapping/sensor/sensor_base/sensorreading.h
[0.575s] -- Up-to-date: /home/ur5/husky_ws/install/openslam_gmapping/include//gmapping/sensor/sensor_range
[0.575s] -- Up-to-date: /home/ur5/husky_ws/install/openslam_gmapping/include//gmapping/sensor/sensor_range/rangesensor.h
[0.576s] -- Up-to-date: /home/ur5/husky_ws/install/openslam_gmapping/include//gmapping/sensor/sensor_range/rangereading.h
[0.576s] -- Up-to-date: /home/ur5/husky_ws/install/openslam_gmapping/include//gmapping/sensor/sensor_odometry
[0.576s] -- Up-to-date: /home/ur5/husky_ws/install/openslam_gmapping/include//gmapping/sensor/sensor_odometry/odometrysensor.h
[0.576s] -- Up-to-date: /home/ur5/husky_ws/install/openslam_gmapping/include//gmapping/sensor/sensor_odometry/odometryreading.h
[0.576s] -- Up-to-date: /home/ur5/husky_ws/install/openslam_gmapping/include//gmapping/gridfastslam
[0.576s] -- Up-to-date: /home/ur5/husky_ws/install/openslam_gmapping/include//gmapping/gridfastslam/gridslamprocessor.h
[0.577s] -- Up-to-date: /home/ur5/husky_ws/install/openslam_gmapping/include//gmapping/gridfastslam/gridslamprocessor.hxx
[0.577s] -- Up-to-date: /home/ur5/husky_ws/install/openslam_gmapping/include//gmapping/gridfastslam/motionmodel.h
[0.577s] -- Up-to-date: /home/ur5/husky_ws/install/openslam_gmapping/include//gmapping/utils
[0.578s] -- Up-to-date: /home/ur5/husky_ws/install/openslam_gmapping/include//gmapping/utils/macro_params.h
[0.578s] -- Up-to-date: /home/ur5/husky_ws/install/openslam_gmapping/include//gmapping/utils/commandline.h
[0.578s] -- Up-to-date: /home/ur5/husky_ws/install/openslam_gmapping/include//gmapping/utils/point.h
[0.579s] -- Up-to-date: /home/ur5/husky_ws/install/openslam_gmapping/include//gmapping/utils/gvalues.h
[0.579s] -- Up-to-date: /home/ur5/husky_ws/install/openslam_gmapping/include//gmapping/utils/stat.h
[0.579s] -- Up-to-date: /home/ur5/husky_ws/install/openslam_gmapping/include//gmapping/utils/autoptr.h
[0.579s] -- Up-to-date: /home/ur5/husky_ws/install/openslam_gmapping/include//gmapping/particlefilter
[0.579s] -- Up-to-date: /home/ur5/husky_ws/install/openslam_gmapping/include//gmapping/particlefilter/particlefilter.h
[0.579s] -- Up-to-date: /home/ur5/husky_ws/install/openslam_gmapping/include//gmapping/log
[0.579s] -- Up-to-date: /home/ur5/husky_ws/install/openslam_gmapping/include//gmapping/log/sensorlog.h
[0.579s] -- Up-to-date: /home/ur5/husky_ws/install/openslam_gmapping/include//gmapping/log/configuration.h
[0.580s] -- Up-to-date: /home/ur5/husky_ws/install/openslam_gmapping/include//gmapping/scanmatcher
[0.580s] -- Up-to-date: /home/ur5/husky_ws/install/openslam_gmapping/include//gmapping/scanmatcher/icp.h
[0.580s] -- Up-to-date: /home/ur5/husky_ws/install/openslam_gmapping/include//gmapping/scanmatcher/scanmatcher.h
[0.581s] -- Up-to-date: /home/ur5/husky_ws/install/openslam_gmapping/include//gmapping/scanmatcher/smmap.h
[0.582s] -- Up-to-date: /home/ur5/husky_ws/install/openslam_gmapping/share/ament_index/resource_index/package_run_dependencies/openslam_gmapping
[0.583s] -- Up-to-date: /home/ur5/husky_ws/install/openslam_gmapping/share/ament_index/resource_index/parent_prefix_path/openslam_gmapping
[0.583s] -- Up-to-date: /home/ur5/husky_ws/install/openslam_gmapping/share/openslam_gmapping/environment/ament_prefix_path.sh
[0.583s] -- Up-to-date: /home/ur5/husky_ws/install/openslam_gmapping/share/openslam_gmapping/environment/ament_prefix_path.dsv
[0.583s] -- Up-to-date: /home/ur5/husky_ws/install/openslam_gmapping/share/openslam_gmapping/environment/path.sh
[0.583s] -- Up-to-date: /home/ur5/husky_ws/install/openslam_gmapping/share/openslam_gmapping/environment/path.dsv
[0.583s] -- Up-to-date: /home/ur5/husky_ws/install/openslam_gmapping/share/openslam_gmapping/local_setup.bash
[0.584s] -- Up-to-date: /home/ur5/husky_ws/install/openslam_gmapping/share/openslam_gmapping/local_setup.sh
[0.584s] -- Up-to-date: /home/ur5/husky_ws/install/openslam_gmapping/share/openslam_gmapping/local_setup.zsh
[0.584s] -- Up-to-date: /home/ur5/husky_ws/install/openslam_gmapping/share/openslam_gmapping/local_setup.dsv
[0.584s] -- Installing: /home/ur5/husky_ws/install/openslam_gmapping/share/openslam_gmapping/package.dsv
[0.584s] -- Up-to-date: /home/ur5/husky_ws/install/openslam_gmapping/share/ament_index/resource_index/packages/openslam_gmapping
[0.584s] -- Up-to-date: /home/ur5/husky_ws/install/openslam_gmapping/share/openslam_gmapping/cmake/ament_cmake_export_libraries-extras.cmake
[0.584s] -- Up-to-date: /home/ur5/husky_ws/install/openslam_gmapping/share/openslam_gmapping/cmake/ament_cmake_export_include_directories-extras.cmake
[0.585s] -- Up-to-date: /home/ur5/husky_ws/install/openslam_gmapping/share/openslam_gmapping/cmake/openslam_gmappingConfig.cmake
[0.585s] -- Up-to-date: /home/ur5/husky_ws/install/openslam_gmapping/share/openslam_gmapping/cmake/openslam_gmappingConfig-version.cmake
[0.585s] -- Up-to-date: /home/ur5/husky_ws/install/openslam_gmapping/share/openslam_gmapping/package.xml
[0.586s] -- Up-to-date: /home/ur5/husky_ws/install/openslam_gmapping/lib/libgridfastslam.a
[0.586s] -- Up-to-date: /home/ur5/husky_ws/install/openslam_gmapping/lib/libscanmatcher.a
[0.587s] -- Up-to-date: /home/ur5/husky_ws/install/openslam_gmapping/share/openslam_gmapping/environment/library_path.sh
[0.588s] -- Up-to-date: /home/ur5/husky_ws/install/openslam_gmapping/share/openslam_gmapping/environment/library_path.dsv
[0.590s] -- Up-to-date: /home/ur5/husky_ws/install/openslam_gmapping/lib/libsensor_base.a
[0.591s] -- Up-to-date: /home/ur5/husky_ws/install/openslam_gmapping/share/openslam_gmapping/environment/library_path.sh
[0.591s] -- Up-to-date: /home/ur5/husky_ws/install/openslam_gmapping/share/openslam_gmapping/environment/library_path.dsv
[0.591s] -- Up-to-date: /home/ur5/husky_ws/install/openslam_gmapping/lib/libsensor_odometry.a
[0.592s] -- Up-to-date: /home/ur5/husky_ws/install/openslam_gmapping/lib/libsensor_range.a
[0.592s] -- Up-to-date: /home/ur5/husky_ws/install/openslam_gmapping/lib/libutils.a
[0.592s] -- Up-to-date: /home/ur5/husky_ws/install/openslam_gmapping/share/openslam_gmapping/environment/library_path.sh
[0.592s] -- Up-to-date: /home/ur5/husky_ws/install/openslam_gmapping/share/openslam_gmapping/environment/library_path.dsv
[0.598s] Invoked command in '/home/ur5/husky_ws/build/openslam_gmapping' returned '0': CMAKE_PREFIX_PATH=${CMAKE_PREFIX_PATH}:/home/ur5/rg2_ws/install/gripper_control:/home/ur5/ur5_ws/install/solution:/home/ur5/ur5_ws/install/projectur5:/home/ur5/ur5_ws/install/projectUR5:/home/ur5/ur5_ws/install/my_package:/home/ur5/ur5_ws/install/kinematics:/home/ur5/workspace/ros2_kortex_ws/install/rqt_joint_trajectory_controller:/home/ur5/workspace/ros2_kortex_ws/install/rqt_controller_manager:/home/ur5/workspace/ros2_kortex_ws/install/ros2controlcli:/home/ur5/workspace/ros2_kortex_ws/install/ros2_controllers_test_nodes /usr/bin/cmake --install /home/ur5/husky_ws/build/openslam_gmapping
