running egg_info
writing ../../build/dynamic_obs/dynamic_obs.egg-info/PKG-INFO
writing dependency_links to ../../build/dynamic_obs/dynamic_obs.egg-info/dependency_links.txt
writing entry points to ../../build/dynamic_obs/dynamic_obs.egg-info/entry_points.txt
writing requirements to ../../build/dynamic_obs/dynamic_obs.egg-info/requires.txt
writing top-level names to ../../build/dynamic_obs/dynamic_obs.egg-info/top_level.txt
reading manifest file '../../build/dynamic_obs/dynamic_obs.egg-info/SOURCES.txt'
adding license file 'LICENSE'
writing manifest file '../../build/dynamic_obs/dynamic_obs.egg-info/SOURCES.txt'
running build
running build_py
copying dynamic_obs/dynamic_obstacle.py -> /home/ur5/husky_ws/build/dynamic_obs/build/lib/dynamic_obs
running install
running install_lib
copying /home/ur5/husky_ws/build/dynamic_obs/build/lib/dynamic_obs/dynamic_obstacle.py -> /home/ur5/husky_ws/install/dynamic_obs/lib/python3.10/site-packages/dynamic_obs
byte-compiling /home/ur5/husky_ws/install/dynamic_obs/lib/python3.10/site-packages/dynamic_obs/dynamic_obstacle.py to dynamic_obstacle.cpython-310.pyc
running install_data
running install_egg_info
removing '/home/ur5/husky_ws/install/dynamic_obs/lib/python3.10/site-packages/dynamic_obs-0.0.0-py3.10.egg-info' (and everything under it)
Copying ../../build/dynamic_obs/dynamic_obs.egg-info to /home/ur5/husky_ws/install/dynamic_obs/lib/python3.10/site-packages/dynamic_obs-0.0.0-py3.10.egg-info
running install_scripts
Installing dynamic_obstacle script to /home/ur5/husky_ws/install/dynamic_obs/lib/dynamic_obs
writing list of installed files to '/home/ur5/husky_ws/build/dynamic_obs/install.log'
